[0.009s] Invoking command in '/home/ashy/baja_ws/build/vehicle': CMAKE_PREFIX_PATH=${CMAKE_PREFIX_PATH}:/opt/ros/humble /usr/bin/cmake --build /home/ashy/baja_ws/build/vehicle -- -j16 -l16
[0.032s] -- Found ament_cmake: 1.3.11 (/opt/ros/humble/share/ament_cmake/cmake)
[0.114s] -- Found ackermann_msgs: 2.0.2 (/opt/ros/humble/share/ackermann_msgs/cmake)
[0.130s] -- Found rosidl_generator_c: 3.1.6 (/opt/ros/humble/share/rosidl_generator_c/cmake)
[0.132s] -- Found rosidl_adapter: 3.1.6 (/opt/ros/humble/share/rosidl_adapter/cmake)
[0.135s] -- Found rosidl_generator_cpp: 3.1.6 (/opt/ros/humble/share/rosidl_generator_cpp/cmake)
[0.141s] -- Using all available rosidl_typesupport_c: rosidl_typesupport_fastrtps_c;rosidl_typesupport_introspection_c
[0.148s] -- Using all available rosidl_typesupport_cpp: rosidl_typesupport_fastrtps_cpp;rosidl_typesupport_introspection_cpp
[0.168s] -- Found rclpy: 3.3.15 (/opt/ros/humble/share/rclpy/cmake)
[0.168s] -- Found rclcpp: 16.0.11 (/opt/ros/humble/share/rclcpp/cmake)
[0.183s] -- Found rmw_implementation_cmake: 6.1.2 (/opt/ros/humble/share/rmw_implementation_cmake/cmake)
[0.184s] -- Found rmw_fastrtps_cpp: 6.2.7 (/opt/ros/humble/share/rmw_fastrtps_cpp/cmake)
[0.265s] -- Using RMW implementation 'rmw_fastrtps_cpp' as default
[0.287s] -- Looking for ignition-gazebo6 -- found version 6.16.0
[0.290s] -- Searching for dependencies of ignition-gazebo6
[0.290s] -- Looking for sdformat12 -- found version 12.8.0
[0.291s] -- Searching for dependencies of sdformat12
[0.295s] -- Checking for module 'tinyxml2'
[0.310s] --   Found tinyxml2, version 9.0.0
[0.344s] -- Looking for ignition-math6 -- found version 6.15.1
[0.344s] -- Searching for dependencies of ignition-math6
[0.344s] -- Looking for ignition-utils1 -- found version 1.5.1
[0.345s] -- Searching for dependencies of ignition-utils1
[0.345s] -- Looking for ignition-plugin1 -- found version 1.4.0
[0.345s] -- Searching for dependencies of ignition-plugin1
[0.346s] -- Searching for <ignition-plugin1> component [loader]
[0.346s] -- Looking for ignition-plugin1-loader -- found version 1.4.0
[0.346s] -- Searching for dependencies of ignition-plugin1-loader
[0.347s] -- Searching for <ignition-plugin1> component [register]
[0.347s] -- Looking for ignition-plugin1-register -- found version 1.4.0
[0.347s] -- Searching for dependencies of ignition-plugin1-register
[0.347s] -- Looking for ignition-transport11 -- found version 11.4.1
[0.348s] -- Searching for dependencies of ignition-transport11
[0.373s] -- Config-file not installed for ZeroMQ -- checking for pkg-config
[0.378s] -- Checking for module 'libzmq >= 4'
[0.390s] --   Found libzmq , version 4.3.4
[0.432s] -- Checking for module 'uuid'
[0.443s] --   Found uuid, version 2.37.2
[0.476s] -- Looking for ignition-utils1 -- found version 1.5.1
[0.476s] -- Searching for dependencies of ignition-utils1
[0.477s] -- Searching for <ignition-utils1> component [cli]
[0.477s] -- Looking for ignition-utils1-cli -- found version 1.5.1
[0.477s] -- Searching for dependencies of ignition-utils1-cli
[0.478s] -- Looking for ignition-msgs8 -- found version 8.7.0
[0.478s] -- Searching for dependencies of ignition-msgs8
[0.494s] -- Found Protobuf: /usr/lib/x86_64-linux-gnu/libprotobuf.so (found suitable version "3.12.4", minimum required is "3") 
[0.495s] -- Looking for ignition-math6 -- found version 6.15.1
[0.502s] -- Searching for <ignition-transport11> component [log]
[0.502s] -- Looking for ignition-transport11-log -- found version 11.4.1
[0.502s] -- Searching for dependencies of ignition-transport11-log
[0.503s] -- Searching for <ignition-transport11> component [parameters]
[0.503s] -- Looking for ignition-transport11-parameters -- found version 11.4.1
[0.503s] -- Searching for dependencies of ignition-transport11-parameters
[0.504s] -- Looking for ignition-msgs8 -- found version 8.7.0
[0.504s] -- Looking for ignition-common4 -- found version 4.7.0
[0.504s] -- Searching for dependencies of ignition-common4
[0.504s] -- Looking for dlfcn.h - found
[0.504s] -- Looking for libdl - found
[0.511s] -- Searching for <ignition-common4> component [profiler]
[0.511s] -- Looking for ignition-common4-profiler -- found version 4.7.0
[0.512s] -- Searching for dependencies of ignition-common4-profiler
[0.512s] -- Searching for <ignition-common4> component [events]
[0.512s] -- Looking for ignition-common4-events -- found version 4.7.0
[0.512s] -- Searching for dependencies of ignition-common4-events
[0.513s] -- Looking for ignition-math6 -- found version 6.15.1
[0.513s] -- Searching for <ignition-common4> component [av]
[0.513s] -- Looking for ignition-common4-av -- found version 4.7.0
[0.513s] -- Searching for dependencies of ignition-common4-av
[0.518s] -- Checking for module 'libswscale'
[0.532s] --   Found libswscale, version 5.9.100
[0.568s] -- Checking for module 'libavdevice >= 56.4.100'
[0.581s] --   Found libavdevice , version 58.13.100
[0.620s] -- Checking for module 'libavformat'
[0.635s] --   Found libavformat, version 58.76.100
[0.674s] -- Checking for module 'libavcodec'
[0.685s] --   Found libavcodec, version 58.134.100
[0.723s] -- Checking for module 'libavutil'
[0.737s] --   Found libavutil, version 56.70.100
[0.770s] -- Looking for ignition-fuel_tools7 -- found version 7.3.1
[0.771s] -- Searching for dependencies of ignition-fuel_tools7
[0.804s] -- Checking for module 'jsoncpp'
[0.816s] --   Found jsoncpp, version 1.9.5
[0.855s] -- Checking for module 'libzip'
[0.870s] --   Found libzip, version 1.7.3
[0.902s] -- Looking for ignition-common4 -- found version 4.7.0
[0.903s] -- Looking for ignition-math6 -- found version 6.15.1
[0.903s] -- Looking for ignition-msgs8 -- found version 8.7.0
[0.904s] -- Looking for ignition-gui6 -- found version 6.8.0
[0.904s] -- Searching for dependencies of ignition-gui6
[0.928s] -- Looking for ignition-math6 -- found version 6.15.1
[0.929s] -- Looking for ignition-common4 -- found version 4.7.0
[0.929s] -- Looking for ignition-plugin1 -- found version 1.4.0
[0.929s] -- Looking for ignition-transport11 -- found version 11.4.1
[0.929s] -- Looking for ignition-rendering6 -- found version 6.6.3
[0.929s] -- Searching for dependencies of ignition-rendering6
[0.930s] -- Looking for ignition-math6 -- found version 6.15.1
[0.930s] -- Searching for dependencies of ignition-math6
[0.930s] -- Searching for <ignition-math6> component [eigen3]
[0.930s] -- Looking for ignition-math6-eigen3 -- found version 6.15.1
[0.930s] -- Searching for dependencies of ignition-math6-eigen3
[0.931s] -- Looking for ignition-common4 -- found version 4.7.0
[0.932s] -- Searching for dependencies of ignition-common4
[0.932s] -- Looking for dlfcn.h - found
[0.932s] -- Looking for libdl - found
[0.941s] -- Searching for <ignition-common4> component [graphics]
[0.941s] -- Looking for ignition-common4-graphics -- found version 4.7.0
[0.941s] -- Searching for dependencies of ignition-common4-graphics
[0.941s] -- Looking for ignition-math6 -- found version 6.15.1
[0.942s] -- Looking for ignition-utils1 -- found version 1.5.1
[0.942s] -- Searching for <ignition-common4> component [events]
[0.942s] -- Looking for ignition-plugin1 -- found version 1.4.0
[0.943s] -- Searching for dependencies of ignition-plugin1
[0.943s] -- Searching for <ignition-plugin1> component [all]
[0.943s] -- Looking for all libraries of ignition-plugin1 -- found version 1.4.0
[0.943s] -- Looking for ignition-plugin1 -- found version 1.4.0
[0.944s] -- Looking for ignition-msgs8 -- found version 8.7.0
[0.954s] -- Looking for ignition-physics5 -- found version 5.3.2
[0.954s] -- Searching for dependencies of ignition-physics5
[0.954s] -- Looking for ignition-math6 -- found version 6.15.1
[0.954s] -- Looking for ignition-plugin1 -- found version 1.4.0
[0.954s] -- Looking for ignition-utils1 -- found version 1.5.1
[0.955s] -- Searching for <ignition-physics5> component [heightmap]
[0.955s] -- Looking for ignition-physics5-heightmap -- found version 5.3.2
[0.956s] -- Searching for dependencies of ignition-physics5-heightmap
[0.956s] -- Looking for ignition-common4 -- found version 4.7.0
[0.956s] -- Searching for <ignition-physics5> component [mesh]
[0.956s] -- Looking for ignition-physics5-mesh -- found version 5.3.2
[0.957s] -- Searching for dependencies of ignition-physics5-mesh
[0.957s] -- Looking for ignition-common4 -- found version 4.7.0
[0.957s] -- Searching for <ignition-physics5> component [sdf]
[0.957s] -- Looking for ignition-physics5-sdf -- found version 5.3.2
[0.958s] -- Searching for dependencies of ignition-physics5-sdf
[0.958s] -- Looking for sdformat12 -- found version 12.8.0
[0.958s] -- Looking for ignition-sensors6 -- found version 6.8.1
[0.959s] -- Searching for dependencies of ignition-sensors6
[0.975s] -- Found Protobuf: /usr/lib/x86_64-linux-gnu/libprotobuf.so (found version "3.12.4") 
[0.975s] -- Looking for ignition-math6 -- found version 6.15.1
[0.976s] -- Looking for ignition-common4 -- found version 4.7.0
[0.976s] -- Looking for ignition-transport11 -- found version 11.4.1
[0.976s] -- Looking for ignition-rendering6 -- found version 6.6.3
[0.976s] -- Looking for ignition-msgs8 -- found version 8.7.0
[0.977s] -- Looking for sdformat12 -- found version 12.8.0
[0.977s] -- Searching for <ignition-sensors6> component [air_pressure]
[0.977s] -- Looking for ignition-sensors6-air_pressure -- found version 6.8.1
[0.977s] -- Searching for dependencies of ignition-sensors6-air_pressure
[0.978s] -- Searching for <ignition-sensors6> component [altimeter]
[0.978s] -- Looking for ignition-sensors6-altimeter -- found version 6.8.1
[0.978s] -- Searching for dependencies of ignition-sensors6-altimeter
[0.978s] -- Searching for <ignition-sensors6> component [imu]
[0.978s] -- Looking for ignition-sensors6-imu -- found version 6.8.1
[0.979s] -- Searching for dependencies of ignition-sensors6-imu
[0.979s] -- Searching for <ignition-sensors6> component [force_torque]
[0.979s] -- Looking for ignition-sensors6-force_torque -- found version 6.8.1
[0.979s] -- Searching for dependencies of ignition-sensors6-force_torque
[0.980s] -- Searching for <ignition-sensors6> component [logical_camera]
[0.980s] -- Looking for ignition-sensors6-logical_camera -- found version 6.8.1
[0.980s] -- Searching for dependencies of ignition-sensors6-logical_camera
[0.980s] -- Searching for <ignition-sensors6> component [magnetometer]
[0.981s] -- Looking for ignition-sensors6-magnetometer -- found version 6.8.1
[0.981s] -- Searching for dependencies of ignition-sensors6-magnetometer
[0.981s] -- Searching for <ignition-sensors6> component [navsat]
[0.981s] -- Looking for ignition-sensors6-navsat -- found version 6.8.1
[0.982s] -- Searching for dependencies of ignition-sensors6-navsat
[0.982s] -- Searching for <ignition-sensors6> component [rendering]
[0.982s] -- Looking for ignition-sensors6-rendering -- found version 6.8.1
[0.982s] -- Searching for dependencies of ignition-sensors6-rendering
[0.983s] -- Searching for <ignition-sensors6> component [lidar]
[0.983s] -- Looking for ignition-sensors6-lidar -- found version 6.8.1
[0.983s] -- Searching for dependencies of ignition-sensors6-lidar
[0.983s] -- Looking for ignition-sensors6 -- found version 6.8.1
[0.984s] -- Searching for <ignition-sensors6> component [gpu_lidar]
[0.984s] -- Looking for ignition-sensors6-gpu_lidar -- found version 6.8.1
[0.984s] -- Searching for dependencies of ignition-sensors6-gpu_lidar
[0.984s] -- Looking for ignition-sensors6 -- found version 6.8.1
[0.985s] -- Searching for <ignition-sensors6> component [camera]
[0.985s] -- Looking for ignition-sensors6-camera -- found version 6.8.1
[0.985s] -- Searching for dependencies of ignition-sensors6-camera
[0.985s] -- Looking for ignition-sensors6 -- found version 6.8.1
[0.986s] -- Searching for <ignition-sensors6> component [boundingbox_camera]
[0.986s] -- Looking for ignition-sensors6-boundingbox_camera -- found version 6.8.1
[0.986s] -- Searching for dependencies of ignition-sensors6-boundingbox_camera
[0.986s] -- Searching for <ignition-sensors6> component [segmentation_camera]
[0.987s] -- Looking for ignition-sensors6-segmentation_camera -- found version 6.8.1
[0.987s] -- Searching for dependencies of ignition-sensors6-segmentation_camera
[0.987s] -- Searching for <ignition-sensors6> component [depth_camera]
[0.987s] -- Looking for ignition-sensors6-depth_camera -- found version 6.8.1
[0.988s] -- Searching for dependencies of ignition-sensors6-depth_camera
[0.988s] -- Looking for ignition-sensors6 -- found version 6.8.1
[0.988s] -- Searching for <ignition-sensors6> component [rgbd_camera]
[0.988s] -- Looking for ignition-sensors6-rgbd_camera -- found version 6.8.1
[0.989s] -- Searching for dependencies of ignition-sensors6-rgbd_camera
[0.989s] -- Looking for ignition-sensors6 -- found version 6.8.1
[0.989s] -- Searching for <ignition-sensors6> component [thermal_camera]
[0.989s] -- Looking for ignition-sensors6-thermal_camera -- found version 6.8.1
[0.990s] -- Searching for dependencies of ignition-sensors6-thermal_camera
[0.990s] -- Looking for ignition-sensors6 -- found version 6.8.1
[0.990s] -- Looking for ignition-rendering6 -- found version 6.6.3
[0.991s] -- Looking for ignition-math6 -- found version 6.15.1
[0.991s] -- Looking for ignition-utils1 -- found version 1.5.1
[1.017s] [31mCMake Error at CMakeLists.txt:15 (find_package):
[1.018s]   By not providing "Findignition-msgs.cmake" in CMAKE_MODULE_PATH this
[1.018s]   project has asked CMake to find a package configuration file provided by
[1.018s]   "ignition-msgs", but CMake did not find one.
[1.018s] 
[1.018s]   Could not find a package configuration file provided by "ignition-msgs"
[1.018s]   with any of the following names:
[1.018s] 
[1.018s]     ignition-msgsConfig.cmake
[1.018s]     ignition-msgs-config.cmake
[1.018s] 
[1.018s]   Add the installation prefix of "ignition-msgs" to CMAKE_PREFIX_PATH or set
[1.018s]   "ignition-msgs_DIR" to a directory containing one of the above files.  If
[1.018s]   "ignition-msgs" provides a separate development package or SDK, be sure it
[1.018s]   has been installed.
[1.018s] 
[1.019s] [0m
[1.019s] -- Configuring incomplete, errors occurred!
[1.019s] See also "/home/ashy/baja_ws/build/vehicle/CMakeFiles/CMakeOutput.log".
[1.025s] gmake: *** [Makefile:267: cmake_check_build_system] Error 1
[1.030s] Invoked command in '/home/ashy/baja_ws/build/vehicle' returned '2': CMAKE_PREFIX_PATH=${CMAKE_PREFIX_PATH}:/opt/ros/humble /usr/bin/cmake --build /home/ashy/baja_ws/build/vehicle -- -j16 -l16
