[0.008s] Invoking command in '/home/ashy/baja_ws/build/vehicle': CMAKE_PREFIX_PATH=${CMAKE_PREFIX_PATH}:/opt/ros/humble /usr/bin/cmake --build /home/ashy/baja_ws/build/vehicle -- -j16 -l16
[0.032s] -- Found ament_cmake: 1.3.10 (/opt/ros/humble/share/ament_cmake/cmake)
[0.117s] -- Found rclpy: 3.3.14 (/opt/ros/humble/share/rclpy/cmake)
[0.117s] -- Found rclcpp: 16.0.10 (/opt/ros/humble/share/rclcpp/cmake)
[0.142s] -- Found rosidl_generator_c: 3.1.5 (/opt/ros/humble/share/rosidl_generator_c/cmake)
[0.144s] -- Found rosidl_adapter: 3.1.5 (/opt/ros/humble/share/rosidl_adapter/cmake)
[0.149s] -- Found rosidl_generator_cpp: 3.1.5 (/opt/ros/humble/share/rosidl_generator_cpp/cmake)
[0.156s] -- Using all available rosidl_typesupport_c: rosidl_typesupport_fastrtps_c;rosidl_typesupport_introspection_c
[0.165s] -- Using all available rosidl_typesupport_cpp: rosidl_typesupport_fastrtps_cpp;rosidl_typesupport_introspection_cpp
[0.191s] -- Found rmw_implementation_cmake: 6.1.2 (/opt/ros/humble/share/rmw_implementation_cmake/cmake)
[0.193s] -- Found rmw_fastrtps_cpp: 6.2.7 (/opt/ros/humble/share/rmw_fastrtps_cpp/cmake)
[0.267s] -- Using RMW implementation 'rmw_fastrtps_cpp' as default
[0.308s] [33mCMake Warning (dev) at /usr/share/cmake-3.22/Modules/FindPackageHandleStandardArgs.cmake:438 (message):
[0.308s]   The package name passed to `find_package_handle_standard_args` (PkgConfig)
[0.308s]   does not match the name of the calling package (gazebo).  This can lead to
[0.308s]   problems in calling code that expects `find_package` result variables
[0.308s]   (e.g., `_FOUND`) to follow a certain pattern.
[0.308s] Call Stack (most recent call first):
[0.308s]   /usr/share/cmake-3.22/Modules/FindPkgConfig.cmake:99 (find_package_handle_standard_args)
[0.308s]   /usr/lib/x86_64-linux-gnu/cmake/gazebo/gazebo-config.cmake:72 (include)
[0.308s]   CMakeLists.txt:13 (find_package)
[0.308s] This warning is for project developers.  Use -Wno-dev to suppress it.
[0.308s] [0m
[0.308s] -- Found PkgConfig: /usr/bin/pkg-config (found version "0.29.2") 
[0.308s] -- Checking for module 'bullet>=2.82'
[0.322s] --   Found bullet, version 3.05
[0.422s] -- Found fcl: /usr/include (found suitable version "0.7.0", minimum required is "0.5.0") 
[0.472s] -- Found assimp: /usr/include (found version "5.2.0") 
[0.492s] -- Found DART: /usr/include (Required is at least version "6.6") found components: dart 
[0.512s] -- Found Boost: /usr/lib/x86_64-linux-gnu/cmake/Boost-1.74.0/BoostConfig.cmake (found suitable version "1.74.0", minimum required is "1.40.0") found components: thread system filesystem program_options regex iostreams date_time 
[0.529s] -- Found Protobuf: /usr/lib/x86_64-linux-gnu/libprotobuf.so (found version "3.12.4") 
[0.533s] -- Looking for ignition-math6 -- found version 6.15.1
[0.538s] -- Searching for dependencies of ignition-math6
[0.540s] -- Looking for OGRE...
[0.540s] -- OGRE_PREFIX_WATCH changed.
[0.545s] -- Checking for module 'OGRE'
[0.557s] --   Found OGRE, version 1.9.0
[0.589s] -- Found Ogre Ghadamon (1.9.0)
[0.593s] -- Found OGRE: optimized;/usr/lib/x86_64-linux-gnu/libOgreMain.so;debug;/usr/lib/x86_64-linux-gnu/libOgreMain.so
[0.599s] -- Looking for OGRE_Paging...
[0.602s] -- Found OGRE_Paging: optimized;/usr/lib/x86_64-linux-gnu/libOgrePaging.so;debug;/usr/lib/x86_64-linux-gnu/libOgrePaging.so
[0.602s] -- Looking for OGRE_Terrain...
[0.605s] -- Found OGRE_Terrain: optimized;/usr/lib/x86_64-linux-gnu/libOgreTerrain.so;debug;/usr/lib/x86_64-linux-gnu/libOgreTerrain.so
[0.605s] -- Looking for OGRE_Property...
[0.608s] -- Found OGRE_Property: optimized;/usr/lib/x86_64-linux-gnu/libOgreProperty.so;debug;/usr/lib/x86_64-linux-gnu/libOgreProperty.so
[0.608s] -- Looking for OGRE_RTShaderSystem...
[0.611s] -- Found OGRE_RTShaderSystem: optimized;/usr/lib/x86_64-linux-gnu/libOgreRTShaderSystem.so;debug;/usr/lib/x86_64-linux-gnu/libOgreRTShaderSystem.so
[0.611s] -- Looking for OGRE_Volume...
[0.614s] -- Found OGRE_Volume: optimized;/usr/lib/x86_64-linux-gnu/libOgreVolume.so;debug;/usr/lib/x86_64-linux-gnu/libOgreVolume.so
[0.614s] -- Looking for OGRE_Overlay...
[0.617s] -- Found OGRE_Overlay: optimized;/usr/lib/x86_64-linux-gnu/libOgreOverlay.so;debug;/usr/lib/x86_64-linux-gnu/libOgreOverlay.so
[0.680s] -- Looking for ignition-math6 -- found version 6.15.1
[0.682s] -- Looking for ignition-transport8 -- found version 8.2.1
[0.682s] -- Searching for dependencies of ignition-transport8
[0.696s] -- Found Protobuf: /usr/lib/x86_64-linux-gnu/libprotobuf.so (found suitable version "3.12.4", minimum required is "3") 
[0.703s] -- Config-file not installed for ZeroMQ -- checking for pkg-config
[0.707s] -- Checking for module 'libzmq >= 4'
[0.720s] --   Found libzmq , version 4.3.4
[0.754s] -- Found ZeroMQ: TRUE (Required is at least version "4") 
[0.759s] -- Checking for module 'uuid'
[0.770s] --   Found uuid, version 2.37.2
[0.802s] -- Found UUID: TRUE  
[0.805s] -- Looking for ignition-msgs5 -- found version 5.8.1
[0.805s] -- Searching for dependencies of ignition-msgs5
[0.819s] -- Looking for ignition-math6 -- found version 6.15.1
[0.824s] -- Checking for module 'tinyxml2'
[0.836s] --   Found tinyxml2, version 9.0.0
[0.870s] -- Looking for ignition-msgs5 -- found version 5.8.1
[0.872s] -- Looking for ignition-common3 -- found version 3.14.0
[0.872s] -- Searching for dependencies of ignition-common3
[0.873s] -- Looking for dlfcn.h - found
[0.874s] -- Looking for libdl - found
[0.875s] -- Found DL: TRUE  
[0.884s] -- Found tinyobjloader: /usr/lib/x86_64-linux-gnu/cmake/tinyobjloader/tinyobjloader-config.cmake (found version "2.0.0") 
[0.885s] -- Searching for <ignition-common3> component [graphics]
[0.886s] -- Looking for ignition-common3-graphics -- found version 3.14.0
[0.887s] -- Searching for dependencies of ignition-common3-graphics
[0.887s] -- Looking for ignition-math6 -- found version 6.15.1
[0.889s] -- Looking for ignition-fuel_tools4 -- found version 4.4.0
[0.889s] -- Searching for dependencies of ignition-fuel_tools4
[0.959s] -- Found CURL: /usr/lib/x86_64-linux-gnu/libcurl.so (found version "7.81.0")  
[0.966s] -- Checking for module 'jsoncpp'
[0.978s] --   Found jsoncpp, version 1.9.5
[1.011s] -- Found JSONCPP: TRUE  
[1.016s] -- Checking for module 'libzip'
[1.029s] --   Found libzip, version 1.7.3
[1.063s] -- Found ZIP: TRUE  
[1.063s] -- Looking for ignition-common3 -- found version 3.14.0
[1.063s] -- Looking for ignition-math6 -- found version 6.15.1
[1.063s] -- Looking for ignition-msgs5 -- found version 5.8.1
[1.068s] -- Found gazebo_ros_pkgs: 3.7.0 (/opt/ros/humble/share/gazebo_ros_pkgs/cmake)
[1.069s] -- Found geometry_msgs: 4.2.4 (/opt/ros/humble/share/geometry_msgs/cmake)
[1.080s] -- Found tf2: 0.25.8 (/opt/ros/humble/share/tf2/cmake)
[1.087s] -- Found ament_lint_auto: 0.12.11 (/opt/ros/humble/share/ament_lint_auto/cmake)
[1.126s] -- Configuring done
[1.134s] -- Generating done
[1.136s] -- Build files have been written to: /home/ashy/baja_ws/build/vehicle
[1.163s] Invoked command in '/home/ashy/baja_ws/build/vehicle' returned '0': CMAKE_PREFIX_PATH=${CMAKE_PREFIX_PATH}:/opt/ros/humble /usr/bin/cmake --build /home/ashy/baja_ws/build/vehicle -- -j16 -l16
[1.194s] Invoking command in '/home/ashy/baja_ws/build/vehicle': CMAKE_PREFIX_PATH=${CMAKE_PREFIX_PATH}:/opt/ros/humble /usr/bin/cmake --install /home/ashy/baja_ws/build/vehicle
[1.198s] -- Install configuration: ""
[1.198s] -- Up-to-date: /home/ashy/baja_ws/install/vehicle/lib/vehicle/scripts/calibration_publisher.py
[1.198s] -- Up-to-date: /home/ashy/baja_ws/install/vehicle/share/vehicle//meshes
[1.198s] -- Up-to-date: /home/ashy/baja_ws/install/vehicle/share/vehicle//meshes/BKR.STL
[1.198s] -- Up-to-date: /home/ashy/baja_ws/install/vehicle/share/vehicle//meshes/FRR.STL
[1.198s] -- Up-to-date: /home/ashy/baja_ws/install/vehicle/share/vehicle//meshes/FRL.STL
[1.198s] -- Up-to-date: /home/ashy/baja_ws/install/vehicle/share/vehicle//meshes/BKL.STL
[1.198s] -- Up-to-date: /home/ashy/baja_ws/install/vehicle/share/vehicle//meshes/base_link.STL
[1.198s] -- Up-to-date: /home/ashy/baja_ws/install/vehicle/share/vehicle//urdf
[1.199s] -- Up-to-date: /home/ashy/baja_ws/install/vehicle/share/vehicle//urdf/B4WTYPE3.csv
[1.199s] -- Up-to-date: /home/ashy/baja_ws/install/vehicle/share/vehicle//urdf/B4WTYPE3.urdf
[1.199s] -- Up-to-date: /home/ashy/baja_ws/install/vehicle/share/vehicle//urdf/B4WTYPE3
[1.199s] -- Up-to-date: /home/ashy/baja_ws/install/vehicle/share/vehicle//urdf/B4WTYPE3/B4WTYPE3.usd
[1.199s] -- Up-to-date: /home/ashy/baja_ws/install/vehicle/share/vehicle//urdf/B4WTYPE3.config
[1.199s] -- Up-to-date: /home/ashy/baja_ws/install/vehicle/share/vehicle//urdf/vehicle.config
[1.199s] -- Up-to-date: /home/ashy/baja_ws/install/vehicle/share/vehicle//config
[1.199s] -- Up-to-date: /home/ashy/baja_ws/install/vehicle/share/vehicle//config/ackermann_controller.yaml
[1.199s] -- Up-to-date: /home/ashy/baja_ws/install/vehicle/share/vehicle//config/joint_names_B4WTYPE3.yaml
[1.199s] -- Up-to-date: /home/ashy/baja_ws/install/vehicle/share/ament_index/resource_index/package_run_dependencies/vehicle
[1.199s] -- Installing: /home/ashy/baja_ws/install/vehicle/share/ament_index/resource_index/parent_prefix_path/vehicle
[1.199s] -- Up-to-date: /home/ashy/baja_ws/install/vehicle/share/vehicle/environment/ament_prefix_path.sh
[1.199s] -- Installing: /home/ashy/baja_ws/install/vehicle/share/vehicle/environment/ament_prefix_path.dsv
[1.199s] -- Up-to-date: /home/ashy/baja_ws/install/vehicle/share/vehicle/environment/path.sh
[1.199s] -- Installing: /home/ashy/baja_ws/install/vehicle/share/vehicle/environment/path.dsv
[1.199s] -- Up-to-date: /home/ashy/baja_ws/install/vehicle/share/vehicle/local_setup.bash
[1.199s] -- Up-to-date: /home/ashy/baja_ws/install/vehicle/share/vehicle/local_setup.sh
[1.199s] -- Up-to-date: /home/ashy/baja_ws/install/vehicle/share/vehicle/local_setup.zsh
[1.199s] -- Installing: /home/ashy/baja_ws/install/vehicle/share/vehicle/local_setup.dsv
[1.199s] -- Installing: /home/ashy/baja_ws/install/vehicle/share/vehicle/package.dsv
[1.199s] -- Up-to-date: /home/ashy/baja_ws/install/vehicle/share/ament_index/resource_index/packages/vehicle
[1.199s] -- Up-to-date: /home/ashy/baja_ws/install/vehicle/share/vehicle/cmake/vehicleConfig.cmake
[1.199s] -- Up-to-date: /home/ashy/baja_ws/install/vehicle/share/vehicle/cmake/vehicleConfig-version.cmake
[1.199s] -- Up-to-date: /home/ashy/baja_ws/install/vehicle/share/vehicle/package.xml
[1.200s] Invoked command in '/home/ashy/baja_ws/build/vehicle' returned '0': CMAKE_PREFIX_PATH=${CMAKE_PREFIX_PATH}:/opt/ros/humble /usr/bin/cmake --install /home/ashy/baja_ws/build/vehicle
