[0.009s] Invoking command in '/home/ashy/baja_ws/build/vehicle': CMAKE_PREFIX_PATH=${CMAKE_PREFIX_PATH}:/opt/ros/humble /usr/bin/cmake --build /home/ashy/baja_ws/build/vehicle -- -j16 -l16
[0.030s] -- Found ament_cmake: 1.3.11 (/opt/ros/humble/share/ament_cmake/cmake)
[0.109s] -- Found ackermann_msgs: 2.0.2 (/opt/ros/humble/share/ackermann_msgs/cmake)
[0.127s] -- Found rosidl_generator_c: 3.1.6 (/opt/ros/humble/share/rosidl_generator_c/cmake)
[0.128s] -- Found rosidl_adapter: 3.1.6 (/opt/ros/humble/share/rosidl_adapter/cmake)
[0.131s] -- Found rosidl_generator_cpp: 3.1.6 (/opt/ros/humble/share/rosidl_generator_cpp/cmake)
[0.137s] -- Using all available rosidl_typesupport_c: rosidl_typesupport_fastrtps_c;rosidl_typesupport_introspection_c
[0.144s] -- Using all available rosidl_typesupport_cpp: rosidl_typesupport_fastrtps_cpp;rosidl_typesupport_introspection_cpp
[0.164s] -- Found rclpy: 3.3.15 (/opt/ros/humble/share/rclpy/cmake)
[0.164s] -- Found rclcpp: 16.0.11 (/opt/ros/humble/share/rclcpp/cmake)
[0.179s] -- Found rmw_implementation_cmake: 6.1.2 (/opt/ros/humble/share/rmw_implementation_cmake/cmake)
[0.180s] -- Found rmw_fastrtps_cpp: 6.2.7 (/opt/ros/humble/share/rmw_fastrtps_cpp/cmake)
[0.260s] -- Using RMW implementation 'rmw_fastrtps_cpp' as default
[0.290s] [31mCMake Error at CMakeLists.txt:14 (find_package):
[0.291s]   By not providing "Findgazebo.cmake" in CMAKE_MODULE_PATH this project has
[0.291s]   asked CMake to find a package configuration file provided by "gazebo", but
[0.291s]   CMake did not find one.
[0.291s] 
[0.291s]   Could not find a package configuration file provided by "gazebo" with any
[0.291s]   of the following names:
[0.291s] 
[0.291s]     gazeboConfig.cmake
[0.291s]     gazebo-config.cmake
[0.291s] 
[0.291s]   Add the installation prefix of "gazebo" to CMAKE_PREFIX_PATH or set
[0.291s]   "gazebo_DIR" to a directory containing one of the above files.  If "gazebo"
[0.291s]   provides a separate development package or SDK, be sure it has been
[0.291s]   installed.
[0.291s] 
[0.291s] [0m
[0.291s] -- Configuring incomplete, errors occurred!
[0.291s] See also "/home/ashy/baja_ws/build/vehicle/CMakeFiles/CMakeOutput.log".
[0.295s] gmake: *** [Makefile:267: cmake_check_build_system] Error 1
[0.298s] Invoked command in '/home/ashy/baja_ws/build/vehicle' returned '2': CMAKE_PREFIX_PATH=${CMAKE_PREFIX_PATH}:/opt/ros/humble /usr/bin/cmake --build /home/ashy/baja_ws/build/vehicle -- -j16 -l16
