[0.013s] Invoking command in '/home/ashy/baja_ws/build/vehicle': CMAKE_PREFIX_PATH=/opt/ros/humble /usr/bin/cmake --build /home/ashy/baja_ws/build/vehicle -- -j16 -l16
[0.042s] -- Found ament_cmake: 1.3.10 (/opt/ros/humble/share/ament_cmake/cmake)
[0.140s] -- Found rclpy: 3.3.14 (/opt/ros/humble/share/rclpy/cmake)
[0.140s] -- Found rclcpp: 16.0.10 (/opt/ros/humble/share/rclcpp/cmake)
[0.161s] -- Found rosidl_generator_c: 3.1.5 (/opt/ros/humble/share/rosidl_generator_c/cmake)
[0.162s] -- Found rosidl_adapter: 3.1.5 (/opt/ros/humble/share/rosidl_adapter/cmake)
[0.166s] -- Found rosidl_generator_cpp: 3.1.5 (/opt/ros/humble/share/rosidl_generator_cpp/cmake)
[0.171s] -- Using all available rosidl_typesupport_c: rosidl_typesupport_fastrtps_c;rosidl_typesupport_introspection_c
[0.179s] -- Using all available rosidl_typesupport_cpp: rosidl_typesupport_fastrtps_cpp;rosidl_typesupport_introspection_cpp
[0.199s] -- Found rmw_implementation_cmake: 6.1.2 (/opt/ros/humble/share/rmw_implementation_cmake/cmake)
[0.200s] -- Found rmw_fastrtps_cpp: 6.2.7 (/opt/ros/humble/share/rmw_fastrtps_cpp/cmake)
[0.289s] -- Using RMW implementation 'rmw_fastrtps_cpp' as default
[0.325s] [33mCMake Warning (dev) at /usr/share/cmake-3.22/Modules/FindPackageHandleStandardArgs.cmake:438 (message):
[0.325s]   The package name passed to `find_package_handle_standard_args` (PkgConfig)
[0.325s]   does not match the name of the calling package (gazebo).  This can lead to
[0.326s]   problems in calling code that expects `find_package` result variables
[0.326s]   (e.g., `_FOUND`) to follow a certain pattern.
[0.326s] Call Stack (most recent call first):
[0.326s]   /usr/share/cmake-3.22/Modules/FindPkgConfig.cmake:99 (find_package_handle_standard_args)
[0.326s]   /usr/lib/x86_64-linux-gnu/cmake/gazebo/gazebo-config.cmake:72 (include)
[0.326s]   CMakeLists.txt:13 (find_package)
[0.326s] This warning is for project developers.  Use -Wno-dev to suppress it.
[0.326s] [0m
[0.346s] -- Found DART: /usr/include (Required is at least version "6.6") found components: dart 
[0.370s] -- Found Protobuf: /usr/lib/x86_64-linux-gnu/libprotobuf.so (found version "3.12.4") 
[0.370s] -- Looking for ignition-math6 -- found version 6.15.1
[0.374s] -- Searching for dependencies of ignition-math6
[0.375s] -- Looking for OGRE...
[0.382s] -- Found Ogre Ghadamon (1.9.0)
[0.382s] -- Found OGRE: optimized;/usr/lib/x86_64-linux-gnu/libOgreMain.so;debug;/usr/lib/x86_64-linux-gnu/libOgreMain.so
[0.389s] -- Looking for OGRE_Paging...
[0.389s] -- Found OGRE_Paging: optimized;/usr/lib/x86_64-linux-gnu/libOgrePaging.so;debug;/usr/lib/x86_64-linux-gnu/libOgrePaging.so
[0.389s] -- Looking for OGRE_Terrain...
[0.389s] -- Found OGRE_Terrain: optimized;/usr/lib/x86_64-linux-gnu/libOgreTerrain.so;debug;/usr/lib/x86_64-linux-gnu/libOgreTerrain.so
[0.389s] -- Looking for OGRE_Property...
[0.389s] -- Found OGRE_Property: optimized;/usr/lib/x86_64-linux-gnu/libOgreProperty.so;debug;/usr/lib/x86_64-linux-gnu/libOgreProperty.so
[0.389s] -- Looking for OGRE_RTShaderSystem...
[0.389s] -- Found OGRE_RTShaderSystem: optimized;/usr/lib/x86_64-linux-gnu/libOgreRTShaderSystem.so;debug;/usr/lib/x86_64-linux-gnu/libOgreRTShaderSystem.so
[0.389s] -- Looking for OGRE_Volume...
[0.389s] -- Found OGRE_Volume: optimized;/usr/lib/x86_64-linux-gnu/libOgreVolume.so;debug;/usr/lib/x86_64-linux-gnu/libOgreVolume.so
[0.389s] -- Looking for OGRE_Overlay...
[0.389s] -- Found OGRE_Overlay: optimized;/usr/lib/x86_64-linux-gnu/libOgreOverlay.so;debug;/usr/lib/x86_64-linux-gnu/libOgreOverlay.so
[0.467s] -- Looking for ignition-math6 -- found version 6.15.1
[0.467s] -- Looking for ignition-transport8 -- found version 8.2.1
[0.467s] -- Searching for dependencies of ignition-transport8
[0.485s] -- Found Protobuf: /usr/lib/x86_64-linux-gnu/libprotobuf.so (found suitable version "3.12.4", minimum required is "3") 
[0.494s] -- Config-file not installed for ZeroMQ -- checking for pkg-config
[0.500s] -- Checking for module 'libzmq >= 4'
[0.513s] --   Found libzmq , version 4.3.4
[0.555s] -- Checking for module 'uuid'
[0.568s] --   Found uuid, version 2.37.2
[0.602s] -- Looking for ignition-msgs5 -- found version 5.8.1
[0.602s] -- Searching for dependencies of ignition-msgs5
[0.621s] -- Looking for ignition-math6 -- found version 6.15.1
[0.627s] -- Checking for module 'tinyxml2'
[0.640s] --   Found tinyxml2, version 9.0.0
[0.675s] -- Looking for ignition-msgs5 -- found version 5.8.1
[0.676s] -- Looking for ignition-common3 -- found version 3.14.0
[0.676s] -- Searching for dependencies of ignition-common3
[0.676s] -- Looking for dlfcn.h - found
[0.676s] -- Looking for libdl - found
[0.687s] -- Searching for <ignition-common3> component [graphics]
[0.687s] -- Looking for ignition-common3-graphics -- found version 3.14.0
[0.687s] -- Searching for dependencies of ignition-common3-graphics
[0.688s] -- Looking for ignition-math6 -- found version 6.15.1
[0.688s] -- Looking for ignition-fuel_tools4 -- found version 4.4.0
[0.688s] -- Searching for dependencies of ignition-fuel_tools4
[0.730s] -- Checking for module 'jsoncpp'
[0.742s] --   Found jsoncpp, version 1.9.5
[0.782s] -- Checking for module 'libzip'
[0.796s] --   Found libzip, version 1.7.3
[0.832s] -- Looking for ignition-common3 -- found version 3.14.0
[0.832s] -- Looking for ignition-math6 -- found version 6.15.1
[0.832s] -- Looking for ignition-msgs5 -- found version 5.8.1
[0.834s] -- Found gazebo_ros_pkgs: 3.7.0 (/opt/ros/humble/share/gazebo_ros_pkgs/cmake)
[0.836s] -- Found geometry_msgs: 4.2.4 (/opt/ros/humble/share/geometry_msgs/cmake)
[0.848s] -- Found tf2: 0.25.8 (/opt/ros/humble/share/tf2/cmake)
[0.852s] -- Found ament_lint_auto: 0.12.11 (/opt/ros/humble/share/ament_lint_auto/cmake)
[0.913s] -- Configuring done
[0.920s] -- Generating done
[0.922s] -- Build files have been written to: /home/ashy/baja_ws/build/vehicle
[0.958s] Invoked command in '/home/ashy/baja_ws/build/vehicle' returned '0': CMAKE_PREFIX_PATH=/opt/ros/humble /usr/bin/cmake --build /home/ashy/baja_ws/build/vehicle -- -j16 -l16
[0.997s] Invoking command in '/home/ashy/baja_ws/build/vehicle': CMAKE_PREFIX_PATH=/opt/ros/humble /usr/bin/cmake --install /home/ashy/baja_ws/build/vehicle
[1.004s] -- Install configuration: ""
[1.004s] -- Up-to-date: /home/ashy/baja_ws/install/vehicle/lib/vehicle/scripts/calibration_publisher.py
[1.004s] -- Up-to-date: /home/ashy/baja_ws/install/vehicle/share/vehicle//meshes
[1.004s] -- Up-to-date: /home/ashy/baja_ws/install/vehicle/share/vehicle//meshes/BKR.STL
[1.004s] -- Up-to-date: /home/ashy/baja_ws/install/vehicle/share/vehicle//meshes/FRR.STL
[1.004s] -- Up-to-date: /home/ashy/baja_ws/install/vehicle/share/vehicle//meshes/FRL.STL
[1.004s] -- Up-to-date: /home/ashy/baja_ws/install/vehicle/share/vehicle//meshes/BKL.STL
[1.004s] -- Up-to-date: /home/ashy/baja_ws/install/vehicle/share/vehicle//meshes/base_link.STL
[1.004s] -- Up-to-date: /home/ashy/baja_ws/install/vehicle/share/vehicle//urdf
[1.005s] -- Up-to-date: /home/ashy/baja_ws/install/vehicle/share/vehicle//urdf/B4WTYPE3.csv
[1.005s] -- Up-to-date: /home/ashy/baja_ws/install/vehicle/share/vehicle//urdf/B4WTYPE3.urdf
[1.005s] -- Up-to-date: /home/ashy/baja_ws/install/vehicle/share/vehicle//urdf/B4WTYPE3
[1.005s] -- Up-to-date: /home/ashy/baja_ws/install/vehicle/share/vehicle//urdf/B4WTYPE3/B4WTYPE3.usd
[1.005s] -- Up-to-date: /home/ashy/baja_ws/install/vehicle/share/vehicle//urdf/B4WTYPE3.config
[1.005s] -- Up-to-date: /home/ashy/baja_ws/install/vehicle/share/vehicle//urdf/vehicle.config
[1.005s] -- Up-to-date: /home/ashy/baja_ws/install/vehicle/share/vehicle//config
[1.005s] -- Up-to-date: /home/ashy/baja_ws/install/vehicle/share/vehicle//config/ackermann_controller.yaml
[1.005s] -- Up-to-date: /home/ashy/baja_ws/install/vehicle/share/vehicle//config/joint_names_B4WTYPE3.yaml
[1.005s] -- Up-to-date: /home/ashy/baja_ws/install/vehicle/share/ament_index/resource_index/package_run_dependencies/vehicle
[1.006s] -- Installing: /home/ashy/baja_ws/install/vehicle/share/ament_index/resource_index/parent_prefix_path/vehicle
[1.006s] -- Up-to-date: /home/ashy/baja_ws/install/vehicle/share/vehicle/environment/ament_prefix_path.sh
[1.006s] -- Installing: /home/ashy/baja_ws/install/vehicle/share/vehicle/environment/ament_prefix_path.dsv
[1.006s] -- Up-to-date: /home/ashy/baja_ws/install/vehicle/share/vehicle/environment/path.sh
[1.006s] -- Installing: /home/ashy/baja_ws/install/vehicle/share/vehicle/environment/path.dsv
[1.006s] -- Up-to-date: /home/ashy/baja_ws/install/vehicle/share/vehicle/local_setup.bash
[1.006s] -- Up-to-date: /home/ashy/baja_ws/install/vehicle/share/vehicle/local_setup.sh
[1.006s] -- Up-to-date: /home/ashy/baja_ws/install/vehicle/share/vehicle/local_setup.zsh
[1.006s] -- Installing: /home/ashy/baja_ws/install/vehicle/share/vehicle/local_setup.dsv
[1.006s] -- Installing: /home/ashy/baja_ws/install/vehicle/share/vehicle/package.dsv
[1.006s] -- Up-to-date: /home/ashy/baja_ws/install/vehicle/share/ament_index/resource_index/packages/vehicle
[1.006s] -- Up-to-date: /home/ashy/baja_ws/install/vehicle/share/vehicle/cmake/vehicleConfig.cmake
[1.006s] -- Up-to-date: /home/ashy/baja_ws/install/vehicle/share/vehicle/cmake/vehicleConfig-version.cmake
[1.007s] -- Up-to-date: /home/ashy/baja_ws/install/vehicle/share/vehicle/package.xml
[1.009s] Invoked command in '/home/ashy/baja_ws/build/vehicle' returned '0': CMAKE_PREFIX_PATH=/opt/ros/humble /usr/bin/cmake --install /home/ashy/baja_ws/build/vehicle
