[0.010s] Invoking command in '/home/ashy/baja_ws/build/vehicle': CMAKE_PREFIX_PATH=${CMAKE_PREFIX_PATH}:/opt/ros/humble /usr/bin/cmake --build /home/ashy/baja_ws/build/vehicle -- -j16 -l16
[0.030s] -- Found ament_cmake: 1.3.11 (/opt/ros/humble/share/ament_cmake/cmake)
[0.109s] -- Found ackermann_msgs: 2.0.2 (/opt/ros/humble/share/ackermann_msgs/cmake)
[0.127s] -- Found rosidl_generator_c: 3.1.6 (/opt/ros/humble/share/rosidl_generator_c/cmake)
[0.128s] -- Found rosidl_adapter: 3.1.6 (/opt/ros/humble/share/rosidl_adapter/cmake)
[0.132s] -- Found rosidl_generator_cpp: 3.1.6 (/opt/ros/humble/share/rosidl_generator_cpp/cmake)
[0.137s] -- Using all available rosidl_typesupport_c: rosidl_typesupport_fastrtps_c;rosidl_typesupport_introspection_c
[0.144s] -- Using all available rosidl_typesupport_cpp: rosidl_typesupport_fastrtps_cpp;rosidl_typesupport_introspection_cpp
[0.165s] -- Found rclpy: 3.3.15 (/opt/ros/humble/share/rclpy/cmake)
[0.165s] -- Found rclcpp: 16.0.11 (/opt/ros/humble/share/rclcpp/cmake)
[0.179s] -- Found rmw_implementation_cmake: 6.1.2 (/opt/ros/humble/share/rmw_implementation_cmake/cmake)
[0.180s] -- Found rmw_fastrtps_cpp: 6.2.7 (/opt/ros/humble/share/rmw_fastrtps_cpp/cmake)
[0.259s] -- Using RMW implementation 'rmw_fastrtps_cpp' as default
[0.284s] -- Found gazebo_dev: 3.7.0 (/opt/ros/humble/share/gazebo_dev/cmake)
[0.314s] -- Found DART: /usr/include (Required is at least version "6.6") found components: dart 
[0.343s] -- Looking for ignition-math6 -- found version 6.15.1
[0.345s] -- Searching for dependencies of ignition-math6
[0.347s] -- Looking for OGRE...
[0.352s] -- Found Ogre Ghadamon (1.9.0)
[0.352s] -- Found OGRE: optimized;/usr/lib/x86_64-linux-gnu/libOgreMain.so;debug;/usr/lib/x86_64-linux-gnu/libOgreMain.so
[0.358s] -- Looking for OGRE_Paging...
[0.358s] -- Found OGRE_Paging: optimized;/usr/lib/x86_64-linux-gnu/libOgrePaging.so;debug;/usr/lib/x86_64-linux-gnu/libOgrePaging.so
[0.358s] -- Looking for OGRE_Terrain...
[0.358s] -- Found OGRE_Terrain: optimized;/usr/lib/x86_64-linux-gnu/libOgreTerrain.so;debug;/usr/lib/x86_64-linux-gnu/libOgreTerrain.so
[0.358s] -- Looking for OGRE_Property...
[0.359s] -- Found OGRE_Property: optimized;/usr/lib/x86_64-linux-gnu/libOgreProperty.so;debug;/usr/lib/x86_64-linux-gnu/libOgreProperty.so
[0.359s] -- Looking for OGRE_RTShaderSystem...
[0.359s] -- Found OGRE_RTShaderSystem: optimized;/usr/lib/x86_64-linux-gnu/libOgreRTShaderSystem.so;debug;/usr/lib/x86_64-linux-gnu/libOgreRTShaderSystem.so
[0.359s] -- Looking for OGRE_Volume...
[0.359s] -- Found OGRE_Volume: optimized;/usr/lib/x86_64-linux-gnu/libOgreVolume.so;debug;/usr/lib/x86_64-linux-gnu/libOgreVolume.so
[0.359s] -- Looking for OGRE_Overlay...
[0.359s] -- Found OGRE_Overlay: optimized;/usr/lib/x86_64-linux-gnu/libOgreOverlay.so;debug;/usr/lib/x86_64-linux-gnu/libOgreOverlay.so
[0.435s] -- Looking for ignition-math6 -- found version 6.15.1
[0.435s] -- Looking for ignition-transport8 -- found version 8.2.1
[0.436s] -- Searching for dependencies of ignition-transport8
[0.452s] -- Found Protobuf: /usr/lib/x86_64-linux-gnu/libprotobuf.so (found suitable version "3.12.4", minimum required is "3") 
[0.460s] -- Config-file not installed for ZeroMQ -- checking for pkg-config
[0.465s] -- Checking for module 'libzmq >= 4'
[0.476s] --   Found libzmq , version 4.3.4
[0.516s] -- Checking for module 'uuid'
[0.529s] --   Found uuid, version 2.37.2
[0.561s] -- Looking for ignition-msgs5 -- found version 5.8.1
[0.561s] -- Searching for dependencies of ignition-msgs5
[0.577s] -- Looking for ignition-math6 -- found version 6.15.1
[0.581s] -- Checking for module 'tinyxml2'
[0.594s] --   Found tinyxml2, version 9.0.0
[0.626s] -- Looking for ignition-msgs5 -- found version 5.8.1
[0.627s] -- Looking for ignition-common3 -- found version 3.14.0
[0.627s] -- Searching for dependencies of ignition-common3
[0.627s] -- Looking for dlfcn.h - found
[0.627s] -- Looking for libdl - found
[0.638s] -- Searching for <ignition-common3> component [graphics]
[0.638s] -- Looking for ignition-common3-graphics -- found version 3.14.0
[0.638s] -- Searching for dependencies of ignition-common3-graphics
[0.638s] -- Looking for ignition-math6 -- found version 6.15.1
[0.639s] -- Looking for ignition-fuel_tools4 -- found version 4.4.0
[0.639s] -- Searching for dependencies of ignition-fuel_tools4
[0.676s] -- Checking for module 'jsoncpp'
[0.686s] --   Found jsoncpp, version 1.9.5
[0.724s] -- Checking for module 'libzip'
[0.739s] --   Found libzip, version 1.7.3
[0.772s] -- Looking for ignition-common3 -- found version 3.14.0
[0.772s] -- Looking for ignition-math6 -- found version 6.15.1
[0.773s] -- Looking for ignition-msgs5 -- found version 5.8.1
[0.776s] -- Gazebo version: 11.10
[0.777s] -- Checking for module 'tbb'
[0.791s] --   Found tbb, version 2021.5.0
[0.824s] -- Found gazebo_msgs: 3.7.0 (/opt/ros/humble/share/gazebo_msgs/cmake)
[0.860s] -- Found tf2: 0.25.9 (/opt/ros/humble/share/tf2/cmake)
[0.873s] [31mCMake Error at CMakeLists.txt:74 (find_package):
[0.873s]   By not providing "Findament_lint_auto.cmake" in CMAKE_MODULE_PATH this
[0.873s]   project has asked CMake to find a package configuration file provided by
[0.873s]   "ament_lint_auto", but CMake did not find one.
[0.873s] 
[0.873s]   Could not find a package configuration file provided by "ament_lint_auto"
[0.873s]   with any of the following names:
[0.873s] 
[0.874s]     ament_lint_autoConfig.cmake
[0.874s]     ament_lint_auto-config.cmake
[0.874s] 
[0.874s]   Add the installation prefix of "ament_lint_auto" to CMAKE_PREFIX_PATH or
[0.874s]   set "ament_lint_auto_DIR" to a directory containing one of the above files.
[0.874s]   If "ament_lint_auto" provides a separate development package or SDK, be
[0.874s]   sure it has been installed.
[0.874s] 
[0.874s] [0m
[0.874s] -- Configuring incomplete, errors occurred!
[0.874s] See also "/home/ashy/baja_ws/build/vehicle/CMakeFiles/CMakeOutput.log".
[0.880s] gmake: *** [Makefile:267: cmake_check_build_system] Error 1
[0.884s] Invoked command in '/home/ashy/baja_ws/build/vehicle' returned '2': CMAKE_PREFIX_PATH=${CMAKE_PREFIX_PATH}:/opt/ros/humble /usr/bin/cmake --build /home/ashy/baja_ws/build/vehicle -- -j16 -l16
