[0.010s] Invoking command in '/home/ashy/baja_ws/build/vehicle': CMAKE_PREFIX_PATH=${CMAKE_PREFIX_PATH}:/opt/ros/humble /usr/bin/cmake --build /home/ashy/baja_ws/build/vehicle -- -j16 -l16
[0.034s] -- Found ament_cmake: 1.3.11 (/opt/ros/humble/share/ament_cmake/cmake)
[0.118s] -- Found ackermann_msgs: 2.0.2 (/opt/ros/humble/share/ackermann_msgs/cmake)
[0.144s] -- Found rosidl_generator_c: 3.1.6 (/opt/ros/humble/share/rosidl_generator_c/cmake)
[0.145s] -- Found rosidl_adapter: 3.1.6 (/opt/ros/humble/share/rosidl_adapter/cmake)
[0.149s] -- Found rosidl_generator_cpp: 3.1.6 (/opt/ros/humble/share/rosidl_generator_cpp/cmake)
[0.155s] -- Using all available rosidl_typesupport_c: rosidl_typesupport_fastrtps_c;rosidl_typesupport_introspection_c
[0.162s] -- Using all available rosidl_typesupport_cpp: rosidl_typesupport_fastrtps_cpp;rosidl_typesupport_introspection_cpp
[0.184s] -- Found rclpy: 3.3.15 (/opt/ros/humble/share/rclpy/cmake)
[0.184s] -- Found rclcpp: 16.0.11 (/opt/ros/humble/share/rclcpp/cmake)
[0.200s] -- Found rmw_implementation_cmake: 6.1.2 (/opt/ros/humble/share/rmw_implementation_cmake/cmake)
[0.200s] -- Found rmw_fastrtps_cpp: 6.2.7 (/opt/ros/humble/share/rmw_fastrtps_cpp/cmake)
[0.285s] -- Using RMW implementation 'rmw_fastrtps_cpp' as default
[0.308s] -- Looking for ignition-gazebo6 -- found version 6.16.0
[0.311s] -- Searching for dependencies of ignition-gazebo6
[0.311s] -- Looking for sdformat12 -- found version 12.8.0
[0.311s] -- Searching for dependencies of sdformat12
[0.317s] -- Checking for module 'tinyxml2'
[0.329s] --   Found tinyxml2, version 9.0.0
[0.361s] -- Looking for ignition-math6 -- found version 6.15.1
[0.361s] -- Searching for dependencies of ignition-math6
[0.362s] -- Looking for ignition-utils1 -- found version 1.5.1
[0.363s] -- Searching for dependencies of ignition-utils1
[0.364s] -- Looking for ignition-plugin1 -- found version 1.4.0
[0.364s] -- Searching for dependencies of ignition-plugin1
[0.364s] -- Searching for <ignition-plugin1> component [loader]
[0.365s] -- Looking for ignition-plugin1-loader -- found version 1.4.0
[0.365s] -- Searching for dependencies of ignition-plugin1-loader
[0.365s] -- Searching for <ignition-plugin1> component [register]
[0.366s] -- Looking for ignition-plugin1-register -- found version 1.4.0
[0.366s] -- Searching for dependencies of ignition-plugin1-register
[0.366s] -- Looking for ignition-transport11 -- found version 11.4.1
[0.367s] -- Searching for dependencies of ignition-transport11
[0.392s] -- Config-file not installed for ZeroMQ -- checking for pkg-config
[0.396s] -- Checking for module 'libzmq >= 4'
[0.408s] --   Found libzmq , version 4.3.4
[0.450s] -- Checking for module 'uuid'
[0.461s] --   Found uuid, version 2.37.2
[0.495s] -- Looking for ignition-utils1 -- found version 1.5.1
[0.495s] -- Searching for dependencies of ignition-utils1
[0.495s] -- Searching for <ignition-utils1> component [cli]
[0.495s] -- Looking for ignition-utils1-cli -- found version 1.5.1
[0.496s] -- Searching for dependencies of ignition-utils1-cli
[0.498s] -- Looking for ignition-msgs8 -- found version 8.7.0
[0.498s] -- Searching for dependencies of ignition-msgs8
[0.514s] -- Found Protobuf: /usr/lib/x86_64-linux-gnu/libprotobuf.so (found suitable version "3.12.4", minimum required is "3") 
[0.514s] -- Looking for ignition-math6 -- found version 6.15.1
[0.522s] -- Searching for <ignition-transport11> component [log]
[0.522s] -- Looking for ignition-transport11-log -- found version 11.4.1
[0.522s] -- Searching for dependencies of ignition-transport11-log
[0.522s] -- Searching for <ignition-transport11> component [parameters]
[0.523s] -- Looking for ignition-transport11-parameters -- found version 11.4.1
[0.523s] -- Searching for dependencies of ignition-transport11-parameters
[0.524s] -- Looking for ignition-msgs8 -- found version 8.7.0
[0.524s] -- Looking for ignition-common4 -- found version 4.7.0
[0.524s] -- Searching for dependencies of ignition-common4
[0.524s] -- Looking for dlfcn.h - found
[0.524s] -- Looking for libdl - found
[0.533s] -- Searching for <ignition-common4> component [profiler]
[0.533s] -- Looking for ignition-common4-profiler -- found version 4.7.0
[0.534s] -- Searching for dependencies of ignition-common4-profiler
[0.534s] -- Searching for <ignition-common4> component [events]
[0.534s] -- Looking for ignition-common4-events -- found version 4.7.0
[0.535s] -- Searching for dependencies of ignition-common4-events
[0.535s] -- Looking for ignition-math6 -- found version 6.15.1
[0.535s] -- Searching for <ignition-common4> component [av]
[0.535s] -- Looking for ignition-common4-av -- found version 4.7.0
[0.536s] -- Searching for dependencies of ignition-common4-av
[0.540s] -- Checking for module 'libswscale'
[0.553s] --   Found libswscale, version 5.9.100
[0.590s] -- Checking for module 'libavdevice >= 56.4.100'
[0.601s] --   Found libavdevice , version 58.13.100
[0.643s] -- Checking for module 'libavformat'
[0.655s] --   Found libavformat, version 58.76.100
[0.695s] -- Checking for module 'libavcodec'
[0.708s] --   Found libavcodec, version 58.134.100
[0.746s] -- Checking for module 'libavutil'
[0.758s] --   Found libavutil, version 56.70.100
[0.793s] -- Looking for ignition-fuel_tools7 -- found version 7.3.1
[0.793s] -- Searching for dependencies of ignition-fuel_tools7
[0.829s] -- Checking for module 'jsoncpp'
[0.841s] --   Found jsoncpp, version 1.9.5
[0.879s] -- Checking for module 'libzip'
[0.893s] --   Found libzip, version 1.7.3
[0.925s] -- Looking for ignition-common4 -- found version 4.7.0
[0.925s] -- Looking for ignition-math6 -- found version 6.15.1
[0.926s] -- Looking for ignition-msgs8 -- found version 8.7.0
[0.929s] -- Looking for ignition-gui6 -- found version 6.8.0
[0.929s] -- Searching for dependencies of ignition-gui6
[0.953s] -- Looking for ignition-math6 -- found version 6.15.1
[0.953s] -- Looking for ignition-common4 -- found version 4.7.0
[0.954s] -- Looking for ignition-plugin1 -- found version 1.4.0
[0.954s] -- Looking for ignition-transport11 -- found version 11.4.1
[0.954s] -- Looking for ignition-rendering6 -- found version 6.6.3
[0.954s] -- Searching for dependencies of ignition-rendering6
[0.954s] -- Looking for ignition-math6 -- found version 6.15.1
[0.955s] -- Searching for dependencies of ignition-math6
[0.955s] -- Searching for <ignition-math6> component [eigen3]
[0.955s] -- Looking for ignition-math6-eigen3 -- found version 6.15.1
[0.955s] -- Searching for dependencies of ignition-math6-eigen3
[0.957s] -- Looking for ignition-common4 -- found version 4.7.0
[0.957s] -- Searching for dependencies of ignition-common4
[0.957s] -- Looking for dlfcn.h - found
[0.957s] -- Looking for libdl - found
[0.965s] -- Searching for <ignition-common4> component [graphics]
[0.965s] -- Looking for ignition-common4-graphics -- found version 4.7.0
[0.965s] -- Searching for dependencies of ignition-common4-graphics
[0.965s] -- Looking for ignition-math6 -- found version 6.15.1
[0.966s] -- Looking for ignition-utils1 -- found version 1.5.1
[0.966s] -- Searching for <ignition-common4> component [events]
[0.967s] -- Looking for ignition-plugin1 -- found version 1.4.0
[0.967s] -- Searching for dependencies of ignition-plugin1
[0.967s] -- Searching for <ignition-plugin1> component [all]
[0.967s] -- Looking for all libraries of ignition-plugin1 -- found version 1.4.0
[0.967s] -- Looking for ignition-plugin1 -- found version 1.4.0
[0.969s] -- Looking for ignition-msgs8 -- found version 8.7.0
[0.979s] -- Looking for ignition-physics5 -- found version 5.3.2
[0.979s] -- Searching for dependencies of ignition-physics5
[0.980s] -- Looking for ignition-math6 -- found version 6.15.1
[0.980s] -- Looking for ignition-plugin1 -- found version 1.4.0
[0.980s] -- Looking for ignition-utils1 -- found version 1.5.1
[0.981s] -- Searching for <ignition-physics5> component [heightmap]
[0.981s] -- Looking for ignition-physics5-heightmap -- found version 5.3.2
[0.981s] -- Searching for dependencies of ignition-physics5-heightmap
[0.981s] -- Looking for ignition-common4 -- found version 4.7.0
[0.982s] -- Searching for <ignition-physics5> component [mesh]
[0.982s] -- Looking for ignition-physics5-mesh -- found version 5.3.2
[0.982s] -- Searching for dependencies of ignition-physics5-mesh
[0.982s] -- Looking for ignition-common4 -- found version 4.7.0
[0.983s] -- Searching for <ignition-physics5> component [sdf]
[0.983s] -- Looking for ignition-physics5-sdf -- found version 5.3.2
[0.983s] -- Searching for dependencies of ignition-physics5-sdf
[0.983s] -- Looking for sdformat12 -- found version 12.8.0
[0.984s] -- Looking for ignition-sensors6 -- found version 6.8.1
[0.984s] -- Searching for dependencies of ignition-sensors6
[1.000s] -- Found Protobuf: /usr/lib/x86_64-linux-gnu/libprotobuf.so (found version "3.12.4") 
[1.001s] -- Looking for ignition-math6 -- found version 6.15.1
[1.001s] -- Looking for ignition-common4 -- found version 4.7.0
[1.001s] -- Looking for ignition-transport11 -- found version 11.4.1
[1.001s] -- Looking for ignition-rendering6 -- found version 6.6.3
[1.002s] -- Looking for ignition-msgs8 -- found version 8.7.0
[1.002s] -- Looking for sdformat12 -- found version 12.8.0
[1.002s] -- Searching for <ignition-sensors6> component [air_pressure]
[1.003s] -- Looking for ignition-sensors6-air_pressure -- found version 6.8.1
[1.003s] -- Searching for dependencies of ignition-sensors6-air_pressure
[1.003s] -- Searching for <ignition-sensors6> component [altimeter]
[1.003s] -- Looking for ignition-sensors6-altimeter -- found version 6.8.1
[1.004s] -- Searching for dependencies of ignition-sensors6-altimeter
[1.004s] -- Searching for <ignition-sensors6> component [imu]
[1.004s] -- Looking for ignition-sensors6-imu -- found version 6.8.1
[1.005s] -- Searching for dependencies of ignition-sensors6-imu
[1.005s] -- Searching for <ignition-sensors6> component [force_torque]
[1.005s] -- Looking for ignition-sensors6-force_torque -- found version 6.8.1
[1.005s] -- Searching for dependencies of ignition-sensors6-force_torque
[1.006s] -- Searching for <ignition-sensors6> component [logical_camera]
[1.006s] -- Looking for ignition-sensors6-logical_camera -- found version 6.8.1
[1.006s] -- Searching for dependencies of ignition-sensors6-logical_camera
[1.007s] -- Searching for <ignition-sensors6> component [magnetometer]
[1.007s] -- Looking for ignition-sensors6-magnetometer -- found version 6.8.1
[1.007s] -- Searching for dependencies of ignition-sensors6-magnetometer
[1.007s] -- Searching for <ignition-sensors6> component [navsat]
[1.008s] -- Looking for ignition-sensors6-navsat -- found version 6.8.1
[1.008s] -- Searching for dependencies of ignition-sensors6-navsat
[1.008s] -- Searching for <ignition-sensors6> component [rendering]
[1.009s] -- Looking for ignition-sensors6-rendering -- found version 6.8.1
[1.009s] -- Searching for dependencies of ignition-sensors6-rendering
[1.009s] -- Searching for <ignition-sensors6> component [lidar]
[1.009s] -- Looking for ignition-sensors6-lidar -- found version 6.8.1
[1.010s] -- Searching for dependencies of ignition-sensors6-lidar
[1.010s] -- Looking for ignition-sensors6 -- found version 6.8.1
[1.010s] -- Searching for <ignition-sensors6> component [gpu_lidar]
[1.010s] -- Looking for ignition-sensors6-gpu_lidar -- found version 6.8.1
[1.011s] -- Searching for dependencies of ignition-sensors6-gpu_lidar
[1.011s] -- Looking for ignition-sensors6 -- found version 6.8.1
[1.011s] -- Searching for <ignition-sensors6> component [camera]
[1.012s] -- Looking for ignition-sensors6-camera -- found version 6.8.1
[1.012s] -- Searching for dependencies of ignition-sensors6-camera
[1.012s] -- Looking for ignition-sensors6 -- found version 6.8.1
[1.013s] -- Searching for <ignition-sensors6> component [boundingbox_camera]
[1.013s] -- Looking for ignition-sensors6-boundingbox_camera -- found version 6.8.1
[1.013s] -- Searching for dependencies of ignition-sensors6-boundingbox_camera
[1.013s] -- Searching for <ignition-sensors6> component [segmentation_camera]
[1.014s] -- Looking for ignition-sensors6-segmentation_camera -- found version 6.8.1
[1.014s] -- Searching for dependencies of ignition-sensors6-segmentation_camera
[1.014s] -- Searching for <ignition-sensors6> component [depth_camera]
[1.014s] -- Looking for ignition-sensors6-depth_camera -- found version 6.8.1
[1.015s] -- Searching for dependencies of ignition-sensors6-depth_camera
[1.015s] -- Looking for ignition-sensors6 -- found version 6.8.1
[1.015s] -- Searching for <ignition-sensors6> component [rgbd_camera]
[1.016s] -- Looking for ignition-sensors6-rgbd_camera -- found version 6.8.1
[1.016s] -- Searching for dependencies of ignition-sensors6-rgbd_camera
[1.016s] -- Looking for ignition-sensors6 -- found version 6.8.1
[1.016s] -- Searching for <ignition-sensors6> component [thermal_camera]
[1.017s] -- Looking for ignition-sensors6-thermal_camera -- found version 6.8.1
[1.017s] -- Searching for dependencies of ignition-sensors6-thermal_camera
[1.017s] -- Looking for ignition-sensors6 -- found version 6.8.1
[1.018s] -- Looking for ignition-rendering6 -- found version 6.6.3
[1.018s] -- Looking for ignition-math6 -- found version 6.15.1
[1.018s] -- Looking for ignition-utils1 -- found version 1.5.1
[1.046s] [31mCMake Error at CMakeLists.txt:15 (find_package):
[1.047s]   By not providing "Findignition-msgs.cmake" in CMAKE_MODULE_PATH this
[1.047s]   project has asked CMake to find a package configuration file provided by
[1.047s]   "ignition-msgs", but CMake did not find one.
[1.047s] 
[1.047s]   Could not find a package configuration file provided by "ignition-msgs"
[1.047s]   with any of the following names:
[1.047s] 
[1.047s]     ignition-msgsConfig.cmake
[1.047s]     ignition-msgs-config.cmake
[1.047s] 
[1.047s]   Add the installation prefix of "ignition-msgs" to CMAKE_PREFIX_PATH or set
[1.047s]   "ignition-msgs_DIR" to a directory containing one of the above files.  If
[1.047s]   "ignition-msgs" provides a separate development package or SDK, be sure it
[1.047s]   has been installed.
[1.047s] 
[1.048s] [0m
[1.048s] -- Configuring incomplete, errors occurred!
[1.048s] See also "/home/ashy/baja_ws/build/vehicle/CMakeFiles/CMakeOutput.log".
[1.055s] gmake: *** [Makefile:267: cmake_check_build_system] Error 1
[1.059s] Invoked command in '/home/ashy/baja_ws/build/vehicle' returned '2': CMAKE_PREFIX_PATH=${CMAKE_PREFIX_PATH}:/opt/ros/humble /usr/bin/cmake --build /home/ashy/baja_ws/build/vehicle -- -j16 -l16
