[0.011s] Invoking command in '/home/ashy/baja_ws/build/vehicle': CMAKE_PREFIX_PATH=${CMAKE_PREFIX_PATH}:/opt/ros/humble /usr/bin/cmake --build /home/ashy/baja_ws/build/vehicle -- -j16 -l16
[0.034s] -- Found ament_cmake: 1.3.11 (/opt/ros/humble/share/ament_cmake/cmake)
[0.112s] -- Found ackermann_msgs: 2.0.2 (/opt/ros/humble/share/ackermann_msgs/cmake)
[0.136s] -- Found rosidl_generator_c: 3.1.6 (/opt/ros/humble/share/rosidl_generator_c/cmake)
[0.137s] -- Found rosidl_adapter: 3.1.6 (/opt/ros/humble/share/rosidl_adapter/cmake)
[0.140s] -- Found rosidl_generator_cpp: 3.1.6 (/opt/ros/humble/share/rosidl_generator_cpp/cmake)
[0.145s] -- Using all available rosidl_typesupport_c: rosidl_typesupport_fastrtps_c;rosidl_typesupport_introspection_c
[0.152s] -- Using all available rosidl_typesupport_cpp: rosidl_typesupport_fastrtps_cpp;rosidl_typesupport_introspection_cpp
[0.171s] -- Found rclpy: 3.3.15 (/opt/ros/humble/share/rclpy/cmake)
[0.171s] -- Found rclcpp: 16.0.11 (/opt/ros/humble/share/rclcpp/cmake)
[0.185s] -- Found rmw_implementation_cmake: 6.1.2 (/opt/ros/humble/share/rmw_implementation_cmake/cmake)
[0.186s] -- Found rmw_cyclonedds_cpp: 1.3.4 (/opt/ros/humble/share/rmw_cyclonedds_cpp/cmake)
[0.196s] -- Using RMW implementation 'rmw_cyclonedds_cpp' as default
[0.216s] -- Found gazebo_dev: 3.7.0 (/opt/ros/humble/share/gazebo_dev/cmake)
[0.240s] -- Found DART: /usr/include (Required is at least version "6.6") found components: dart 
[0.259s] -- Found Protobuf: /usr/lib/x86_64-linux-gnu/libprotobuf.so (found version "3.12.4") 
[0.260s] -- Looking for ignition-math6 -- found version 6.15.1
[0.263s] -- Searching for dependencies of ignition-math6
[0.264s] -- Looking for OGRE...
[0.269s] -- Found Ogre Ghadamon (1.9.0)
[0.269s] -- Found OGRE: optimized;/usr/lib/x86_64-linux-gnu/libOgreMain.so;debug;/usr/lib/x86_64-linux-gnu/libOgreMain.so
[0.274s] -- Looking for OGRE_Paging...
[0.274s] -- Found OGRE_Paging: optimized;/usr/lib/x86_64-linux-gnu/libOgrePaging.so;debug;/usr/lib/x86_64-linux-gnu/libOgrePaging.so
[0.274s] -- Looking for OGRE_Terrain...
[0.274s] -- Found OGRE_Terrain: optimized;/usr/lib/x86_64-linux-gnu/libOgreTerrain.so;debug;/usr/lib/x86_64-linux-gnu/libOgreTerrain.so
[0.274s] -- Looking for OGRE_Property...
[0.275s] -- Found OGRE_Property: optimized;/usr/lib/x86_64-linux-gnu/libOgreProperty.so;debug;/usr/lib/x86_64-linux-gnu/libOgreProperty.so
[0.275s] -- Looking for OGRE_RTShaderSystem...
[0.275s] -- Found OGRE_RTShaderSystem: optimized;/usr/lib/x86_64-linux-gnu/libOgreRTShaderSystem.so;debug;/usr/lib/x86_64-linux-gnu/libOgreRTShaderSystem.so
[0.275s] -- Looking for OGRE_Volume...
[0.275s] -- Found OGRE_Volume: optimized;/usr/lib/x86_64-linux-gnu/libOgreVolume.so;debug;/usr/lib/x86_64-linux-gnu/libOgreVolume.so
[0.275s] -- Looking for OGRE_Overlay...
[0.275s] -- Found OGRE_Overlay: optimized;/usr/lib/x86_64-linux-gnu/libOgreOverlay.so;debug;/usr/lib/x86_64-linux-gnu/libOgreOverlay.so
[0.343s] -- Looking for ignition-math6 -- found version 6.15.1
[0.343s] -- Looking for ignition-transport8 -- found version 8.2.1
[0.344s] -- Searching for dependencies of ignition-transport8
[0.363s] -- Found Protobuf: /usr/lib/x86_64-linux-gnu/libprotobuf.so (found suitable version "3.12.4", minimum required is "3") 
[0.371s] -- Config-file not installed for ZeroMQ -- checking for pkg-config
[0.376s] -- Checking for module 'libzmq >= 4'
[0.388s] --   Found libzmq , version 4.3.4
[0.429s] -- Checking for module 'uuid'
[0.441s] --   Found uuid, version 2.37.2
[0.472s] -- Looking for ignition-msgs5 -- found version 5.8.1
[0.472s] -- Searching for dependencies of ignition-msgs5
[0.488s] -- Looking for ignition-math6 -- found version 6.15.1
[0.492s] -- Checking for module 'tinyxml2'
[0.504s] --   Found tinyxml2, version 9.0.0
[0.545s] -- Looking for ignition-msgs5 -- found version 5.8.1
[0.546s] -- Looking for ignition-common3 -- found version 3.14.0
[0.546s] -- Searching for dependencies of ignition-common3
[0.546s] -- Looking for dlfcn.h - found
[0.546s] -- Looking for libdl - found
[0.555s] -- Searching for <ignition-common3> component [graphics]
[0.555s] -- Looking for ignition-common3-graphics -- found version 3.14.0
[0.555s] -- Searching for dependencies of ignition-common3-graphics
[0.555s] -- Looking for ignition-math6 -- found version 6.15.1
[0.556s] -- Looking for ignition-fuel_tools4 -- found version 4.4.0
[0.556s] -- Searching for dependencies of ignition-fuel_tools4
[0.585s] -- Checking for module 'jsoncpp'
[0.599s] --   Found jsoncpp, version 1.9.5
[0.637s] -- Checking for module 'libzip'
[0.649s] --   Found libzip, version 1.7.3
[0.686s] -- Looking for ignition-common3 -- found version 3.14.0
[0.686s] -- Looking for ignition-math6 -- found version 6.15.1
[0.686s] -- Looking for ignition-msgs5 -- found version 5.8.1
[0.688s] -- Gazebo version: 11.10
[0.689s] -- Found gazebo_msgs: 3.7.0 (/opt/ros/humble/share/gazebo_msgs/cmake)
[0.715s] -- Found tf2: 0.25.9 (/opt/ros/humble/share/tf2/cmake)
[0.719s] -- Found ament_lint_auto: 0.12.11 (/opt/ros/humble/share/ament_lint_auto/cmake)
[0.761s] -- Added test 'cppcheck' to perform static code analysis on C / C++ code
[0.761s] -- Configured cppcheck include dirs: $<BUILD_INTERFACE:/home/ashy/baja_ws/src/vehicle/include>
[0.761s] -- Configured cppcheck exclude dirs and/or files: 
[0.762s] -- Added test 'flake8' to check Python code syntax and style conventions
[0.762s] -- Added test 'lint_cmake' to check CMake code style
[0.762s] -- Added test 'pep257' to check Python code against some of the docstring style conventions in PEP 257
[0.763s] -- Added test 'uncrustify' to check C / C++ code style
[0.763s] -- Configured uncrustify additional arguments: 
[0.764s] -- Added test 'xmllint' to check XML markup files
[0.764s] -- Configuring done
[0.777s] -- Generating done
[0.781s] -- Build files have been written to: /home/ashy/baja_ws/build/vehicle
[0.807s] [35m[1mConsolidate compiler generated dependencies of target acker[0m
[0.822s] [100%] Built target acker
[0.833s] Invoked command in '/home/ashy/baja_ws/build/vehicle' returned '0': CMAKE_PREFIX_PATH=${CMAKE_PREFIX_PATH}:/opt/ros/humble /usr/bin/cmake --build /home/ashy/baja_ws/build/vehicle -- -j16 -l16
[0.843s] Invoking command in '/home/ashy/baja_ws/build/vehicle': CMAKE_PREFIX_PATH=${CMAKE_PREFIX_PATH}:/opt/ros/humble /usr/bin/cmake --install /home/ashy/baja_ws/build/vehicle
[0.848s] -- Install configuration: ""
[0.848s] -- Up-to-date: /home/ashy/baja_ws/install/vehicle/lib/vehicle/scripts/calibration_publisher.py
[0.848s] -- Up-to-date: /home/ashy/baja_ws/install/vehicle/share/vehicle//meshes
[0.848s] -- Up-to-date: /home/ashy/baja_ws/install/vehicle/share/vehicle//meshes/BKR.STL
[0.849s] -- Up-to-date: /home/ashy/baja_ws/install/vehicle/share/vehicle//meshes/FRR.STL
[0.849s] -- Up-to-date: /home/ashy/baja_ws/install/vehicle/share/vehicle//meshes/FRL.STL
[0.849s] -- Up-to-date: /home/ashy/baja_ws/install/vehicle/share/vehicle//meshes/BKL.STL
[0.849s] -- Up-to-date: /home/ashy/baja_ws/install/vehicle/share/vehicle//meshes/base_link.STL
[0.849s] -- Up-to-date: /home/ashy/baja_ws/install/vehicle/share/vehicle//urdf
[0.849s] -- Up-to-date: /home/ashy/baja_ws/install/vehicle/share/vehicle//urdf/B4WTYPE3.csv
[0.849s] -- Up-to-date: /home/ashy/baja_ws/install/vehicle/share/vehicle//urdf/B4WTYPE3.urdf
[0.849s] -- Up-to-date: /home/ashy/baja_ws/install/vehicle/share/vehicle//urdf/B4WTYPE3
[0.849s] -- Up-to-date: /home/ashy/baja_ws/install/vehicle/share/vehicle//urdf/B4WTYPE3/B4WTYPE3.usd
[0.849s] -- Up-to-date: /home/ashy/baja_ws/install/vehicle/share/vehicle//urdf/B4WTYPE3.config
[0.849s] -- Up-to-date: /home/ashy/baja_ws/install/vehicle/share/vehicle//urdf/vehicle.config
[0.849s] -- Up-to-date: /home/ashy/baja_ws/install/vehicle/share/vehicle//config
[0.849s] -- Up-to-date: /home/ashy/baja_ws/install/vehicle/share/vehicle//config/ackermann_controller.yaml
[0.849s] -- Up-to-date: /home/ashy/baja_ws/install/vehicle/share/vehicle//config/joint_names_B4WTYPE3.yaml
[0.849s] -- Up-to-date: /home/ashy/baja_ws/install/vehicle/lib/vehicle/acker
[0.849s] -- Up-to-date: /home/ashy/baja_ws/install/vehicle/share/ament_index/resource_index/package_run_dependencies/vehicle
[0.849s] -- Up-to-date: /home/ashy/baja_ws/install/vehicle/share/ament_index/resource_index/parent_prefix_path/vehicle
[0.849s] -- Up-to-date: /home/ashy/baja_ws/install/vehicle/share/vehicle/environment/ament_prefix_path.sh
[0.849s] -- Installing: /home/ashy/baja_ws/install/vehicle/share/vehicle/environment/ament_prefix_path.dsv
[0.849s] -- Up-to-date: /home/ashy/baja_ws/install/vehicle/share/vehicle/environment/path.sh
[0.849s] -- Installing: /home/ashy/baja_ws/install/vehicle/share/vehicle/environment/path.dsv
[0.850s] -- Up-to-date: /home/ashy/baja_ws/install/vehicle/share/vehicle/local_setup.bash
[0.850s] -- Up-to-date: /home/ashy/baja_ws/install/vehicle/share/vehicle/local_setup.sh
[0.850s] -- Up-to-date: /home/ashy/baja_ws/install/vehicle/share/vehicle/local_setup.zsh
[0.850s] -- Installing: /home/ashy/baja_ws/install/vehicle/share/vehicle/local_setup.dsv
[0.850s] -- Installing: /home/ashy/baja_ws/install/vehicle/share/vehicle/package.dsv
[0.850s] -- Up-to-date: /home/ashy/baja_ws/install/vehicle/share/ament_index/resource_index/packages/vehicle
[0.850s] -- Up-to-date: /home/ashy/baja_ws/install/vehicle/share/vehicle/cmake/vehicleConfig.cmake
[0.850s] -- Up-to-date: /home/ashy/baja_ws/install/vehicle/share/vehicle/cmake/vehicleConfig-version.cmake
[0.850s] -- Installing: /home/ashy/baja_ws/install/vehicle/share/vehicle/package.xml
[0.851s] Invoked command in '/home/ashy/baja_ws/build/vehicle' returned '0': CMAKE_PREFIX_PATH=${CMAKE_PREFIX_PATH}:/opt/ros/humble /usr/bin/cmake --install /home/ashy/baja_ws/build/vehicle
