[0.009s] Invoking command in '/home/ashy/baja_ws/build/vehicle': CMAKE_PREFIX_PATH=${CMAKE_PREFIX_PATH}:/opt/ros/humble /usr/bin/cmake --build /home/ashy/baja_ws/build/vehicle -- -j16 -l16
[0.029s] -- Found ament_cmake: 1.3.11 (/opt/ros/humble/share/ament_cmake/cmake)
[0.109s] -- Found ackermann_msgs: 2.0.2 (/opt/ros/humble/share/ackermann_msgs/cmake)
[0.127s] -- Found rosidl_generator_c: 3.1.6 (/opt/ros/humble/share/rosidl_generator_c/cmake)
[0.129s] -- Found rosidl_adapter: 3.1.6 (/opt/ros/humble/share/rosidl_adapter/cmake)
[0.132s] -- Found rosidl_generator_cpp: 3.1.6 (/opt/ros/humble/share/rosidl_generator_cpp/cmake)
[0.138s] -- Using all available rosidl_typesupport_c: rosidl_typesupport_fastrtps_c;rosidl_typesupport_introspection_c
[0.145s] -- Using all available rosidl_typesupport_cpp: rosidl_typesupport_fastrtps_cpp;rosidl_typesupport_introspection_cpp
[0.165s] -- Found rclpy: 3.3.15 (/opt/ros/humble/share/rclpy/cmake)
[0.165s] -- Found rclcpp: 16.0.11 (/opt/ros/humble/share/rclcpp/cmake)
[0.179s] -- Found rmw_implementation_cmake: 6.1.2 (/opt/ros/humble/share/rmw_implementation_cmake/cmake)
[0.180s] -- Found rmw_fastrtps_cpp: 6.2.7 (/opt/ros/humble/share/rmw_fastrtps_cpp/cmake)
[0.262s] -- Using RMW implementation 'rmw_fastrtps_cpp' as default
[0.284s] -- Looking for ignition-gazebo6 -- found version 6.16.0
[0.287s] -- Searching for dependencies of ignition-gazebo6
[0.287s] -- Looking for sdformat12 -- found version 12.8.0
[0.287s] -- Searching for dependencies of sdformat12
[0.292s] -- Checking for module 'tinyxml2'
[0.305s] --   Found tinyxml2, version 9.0.0
[0.339s] -- Looking for ignition-math6 -- found version 6.15.1
[0.339s] -- Searching for dependencies of ignition-math6
[0.340s] -- Looking for ignition-utils1 -- found version 1.5.1
[0.340s] -- Searching for dependencies of ignition-utils1
[0.341s] -- Looking for ignition-plugin1 -- found version 1.4.0
[0.341s] -- Searching for dependencies of ignition-plugin1
[0.341s] -- Searching for <ignition-plugin1> component [loader]
[0.342s] -- Looking for ignition-plugin1-loader -- found version 1.4.0
[0.342s] -- Searching for dependencies of ignition-plugin1-loader
[0.342s] -- Searching for <ignition-plugin1> component [register]
[0.342s] -- Looking for ignition-plugin1-register -- found version 1.4.0
[0.343s] -- Searching for dependencies of ignition-plugin1-register
[0.343s] -- Looking for ignition-transport11 -- found version 11.4.1
[0.343s] -- Searching for dependencies of ignition-transport11
[0.369s] -- Config-file not installed for ZeroMQ -- checking for pkg-config
[0.373s] -- Checking for module 'libzmq >= 4'
[0.387s] --   Found libzmq , version 4.3.4
[0.429s] -- Checking for module 'uuid'
[0.441s] --   Found uuid, version 2.37.2
[0.471s] -- Looking for ignition-utils1 -- found version 1.5.1
[0.471s] -- Searching for dependencies of ignition-utils1
[0.471s] -- Searching for <ignition-utils1> component [cli]
[0.472s] -- Looking for ignition-utils1-cli -- found version 1.5.1
[0.472s] -- Searching for dependencies of ignition-utils1-cli
[0.472s] -- Looking for ignition-msgs8 -- found version 8.7.0
[0.473s] -- Searching for dependencies of ignition-msgs8
[0.488s] -- Found Protobuf: /usr/lib/x86_64-linux-gnu/libprotobuf.so (found suitable version "3.12.4", minimum required is "3") 
[0.489s] -- Looking for ignition-math6 -- found version 6.15.1
[0.496s] -- Searching for <ignition-transport11> component [log]
[0.497s] -- Looking for ignition-transport11-log -- found version 11.4.1
[0.497s] -- Searching for dependencies of ignition-transport11-log
[0.497s] -- Searching for <ignition-transport11> component [parameters]
[0.498s] -- Looking for ignition-transport11-parameters -- found version 11.4.1
[0.498s] -- Searching for dependencies of ignition-transport11-parameters
[0.498s] -- Looking for ignition-msgs8 -- found version 8.7.0
[0.499s] -- Looking for ignition-common4 -- found version 4.7.0
[0.499s] -- Searching for dependencies of ignition-common4
[0.499s] -- Looking for dlfcn.h - found
[0.499s] -- Looking for libdl - found
[0.507s] -- Searching for <ignition-common4> component [profiler]
[0.507s] -- Looking for ignition-common4-profiler -- found version 4.7.0
[0.508s] -- Searching for dependencies of ignition-common4-profiler
[0.508s] -- Searching for <ignition-common4> component [events]
[0.508s] -- Looking for ignition-common4-events -- found version 4.7.0
[0.509s] -- Searching for dependencies of ignition-common4-events
[0.509s] -- Looking for ignition-math6 -- found version 6.15.1
[0.509s] -- Searching for <ignition-common4> component [av]
[0.509s] -- Looking for ignition-common4-av -- found version 4.7.0
[0.510s] -- Searching for dependencies of ignition-common4-av
[0.514s] -- Checking for module 'libswscale'
[0.526s] --   Found libswscale, version 5.9.100
[0.565s] -- Checking for module 'libavdevice >= 56.4.100'
[0.577s] --   Found libavdevice , version 58.13.100
[0.617s] -- Checking for module 'libavformat'
[0.631s] --   Found libavformat, version 58.76.100
[0.672s] -- Checking for module 'libavcodec'
[0.685s] --   Found libavcodec, version 58.134.100
[0.721s] -- Checking for module 'libavutil'
[0.734s] --   Found libavutil, version 56.70.100
[0.767s] -- Looking for ignition-fuel_tools7 -- found version 7.3.1
[0.767s] -- Searching for dependencies of ignition-fuel_tools7
[0.800s] -- Checking for module 'jsoncpp'
[0.812s] --   Found jsoncpp, version 1.9.5
[0.853s] -- Checking for module 'libzip'
[0.866s] --   Found libzip, version 1.7.3
[0.899s] -- Looking for ignition-common4 -- found version 4.7.0
[0.899s] -- Looking for ignition-math6 -- found version 6.15.1
[0.899s] -- Looking for ignition-msgs8 -- found version 8.7.0
[0.900s] -- Looking for ignition-gui6 -- found version 6.8.0
[0.900s] -- Searching for dependencies of ignition-gui6
[0.922s] -- Looking for ignition-math6 -- found version 6.15.1
[0.922s] -- Looking for ignition-common4 -- found version 4.7.0
[0.923s] -- Looking for ignition-plugin1 -- found version 1.4.0
[0.923s] -- Looking for ignition-transport11 -- found version 11.4.1
[0.923s] -- Looking for ignition-rendering6 -- found version 6.6.3
[0.923s] -- Searching for dependencies of ignition-rendering6
[0.924s] -- Looking for ignition-math6 -- found version 6.15.1
[0.924s] -- Searching for dependencies of ignition-math6
[0.924s] -- Searching for <ignition-math6> component [eigen3]
[0.924s] -- Looking for ignition-math6-eigen3 -- found version 6.15.1
[0.924s] -- Searching for dependencies of ignition-math6-eigen3
[0.925s] -- Looking for ignition-common4 -- found version 4.7.0
[0.926s] -- Searching for dependencies of ignition-common4
[0.926s] -- Looking for dlfcn.h - found
[0.926s] -- Looking for libdl - found
[0.935s] -- Searching for <ignition-common4> component [graphics]
[0.935s] -- Looking for ignition-common4-graphics -- found version 4.7.0
[0.935s] -- Searching for dependencies of ignition-common4-graphics
[0.935s] -- Looking for ignition-math6 -- found version 6.15.1
[0.936s] -- Looking for ignition-utils1 -- found version 1.5.1
[0.936s] -- Searching for <ignition-common4> component [events]
[0.936s] -- Looking for ignition-plugin1 -- found version 1.4.0
[0.937s] -- Searching for dependencies of ignition-plugin1
[0.937s] -- Searching for <ignition-plugin1> component [all]
[0.937s] -- Looking for all libraries of ignition-plugin1 -- found version 1.4.0
[0.937s] -- Looking for ignition-plugin1 -- found version 1.4.0
[0.938s] -- Looking for ignition-msgs8 -- found version 8.7.0
[0.947s] -- Looking for ignition-physics5 -- found version 5.3.2
[0.947s] -- Searching for dependencies of ignition-physics5
[0.947s] -- Looking for ignition-math6 -- found version 6.15.1
[0.948s] -- Looking for ignition-plugin1 -- found version 1.4.0
[0.948s] -- Looking for ignition-utils1 -- found version 1.5.1
[0.948s] -- Searching for <ignition-physics5> component [heightmap]
[0.949s] -- Looking for ignition-physics5-heightmap -- found version 5.3.2
[0.949s] -- Searching for dependencies of ignition-physics5-heightmap
[0.949s] -- Looking for ignition-common4 -- found version 4.7.0
[0.949s] -- Searching for <ignition-physics5> component [mesh]
[0.950s] -- Looking for ignition-physics5-mesh -- found version 5.3.2
[0.950s] -- Searching for dependencies of ignition-physics5-mesh
[0.950s] -- Looking for ignition-common4 -- found version 4.7.0
[0.950s] -- Searching for <ignition-physics5> component [sdf]
[0.950s] -- Looking for ignition-physics5-sdf -- found version 5.3.2
[0.951s] -- Searching for dependencies of ignition-physics5-sdf
[0.951s] -- Looking for sdformat12 -- found version 12.8.0
[0.951s] -- Looking for ignition-sensors6 -- found version 6.8.1
[0.952s] -- Searching for dependencies of ignition-sensors6
[0.968s] -- Found Protobuf: /usr/lib/x86_64-linux-gnu/libprotobuf.so (found version "3.12.4") 
[0.968s] -- Looking for ignition-math6 -- found version 6.15.1
[0.969s] -- Looking for ignition-common4 -- found version 4.7.0
[0.969s] -- Looking for ignition-transport11 -- found version 11.4.1
[0.969s] -- Looking for ignition-rendering6 -- found version 6.6.3
[0.969s] -- Looking for ignition-msgs8 -- found version 8.7.0
[0.970s] -- Looking for sdformat12 -- found version 12.8.0
[0.970s] -- Searching for <ignition-sensors6> component [air_pressure]
[0.970s] -- Looking for ignition-sensors6-air_pressure -- found version 6.8.1
[0.970s] -- Searching for dependencies of ignition-sensors6-air_pressure
[0.971s] -- Searching for <ignition-sensors6> component [altimeter]
[0.971s] -- Looking for ignition-sensors6-altimeter -- found version 6.8.1
[0.971s] -- Searching for dependencies of ignition-sensors6-altimeter
[0.971s] -- Searching for <ignition-sensors6> component [imu]
[0.972s] -- Looking for ignition-sensors6-imu -- found version 6.8.1
[0.972s] -- Searching for dependencies of ignition-sensors6-imu
[0.972s] -- Searching for <ignition-sensors6> component [force_torque]
[0.972s] -- Looking for ignition-sensors6-force_torque -- found version 6.8.1
[0.973s] -- Searching for dependencies of ignition-sensors6-force_torque
[0.973s] -- Searching for <ignition-sensors6> component [logical_camera]
[0.973s] -- Looking for ignition-sensors6-logical_camera -- found version 6.8.1
[0.973s] -- Searching for dependencies of ignition-sensors6-logical_camera
[0.974s] -- Searching for <ignition-sensors6> component [magnetometer]
[0.974s] -- Looking for ignition-sensors6-magnetometer -- found version 6.8.1
[0.974s] -- Searching for dependencies of ignition-sensors6-magnetometer
[0.974s] -- Searching for <ignition-sensors6> component [navsat]
[0.974s] -- Looking for ignition-sensors6-navsat -- found version 6.8.1
[0.975s] -- Searching for dependencies of ignition-sensors6-navsat
[0.975s] -- Searching for <ignition-sensors6> component [rendering]
[0.975s] -- Looking for ignition-sensors6-rendering -- found version 6.8.1
[0.975s] -- Searching for dependencies of ignition-sensors6-rendering
[0.976s] -- Searching for <ignition-sensors6> component [lidar]
[0.976s] -- Looking for ignition-sensors6-lidar -- found version 6.8.1
[0.976s] -- Searching for dependencies of ignition-sensors6-lidar
[0.976s] -- Looking for ignition-sensors6 -- found version 6.8.1
[0.977s] -- Searching for <ignition-sensors6> component [gpu_lidar]
[0.977s] -- Looking for ignition-sensors6-gpu_lidar -- found version 6.8.1
[0.977s] -- Searching for dependencies of ignition-sensors6-gpu_lidar
[0.977s] -- Looking for ignition-sensors6 -- found version 6.8.1
[0.978s] -- Searching for <ignition-sensors6> component [camera]
[0.978s] -- Looking for ignition-sensors6-camera -- found version 6.8.1
[0.978s] -- Searching for dependencies of ignition-sensors6-camera
[0.978s] -- Looking for ignition-sensors6 -- found version 6.8.1
[0.979s] -- Searching for <ignition-sensors6> component [boundingbox_camera]
[0.979s] -- Looking for ignition-sensors6-boundingbox_camera -- found version 6.8.1
[0.979s] -- Searching for dependencies of ignition-sensors6-boundingbox_camera
[0.980s] -- Searching for <ignition-sensors6> component [segmentation_camera]
[0.980s] -- Looking for ignition-sensors6-segmentation_camera -- found version 6.8.1
[0.980s] -- Searching for dependencies of ignition-sensors6-segmentation_camera
[0.980s] -- Searching for <ignition-sensors6> component [depth_camera]
[0.980s] -- Looking for ignition-sensors6-depth_camera -- found version 6.8.1
[0.981s] -- Searching for dependencies of ignition-sensors6-depth_camera
[0.981s] -- Looking for ignition-sensors6 -- found version 6.8.1
[0.981s] -- Searching for <ignition-sensors6> component [rgbd_camera]
[0.981s] -- Looking for ignition-sensors6-rgbd_camera -- found version 6.8.1
[0.982s] -- Searching for dependencies of ignition-sensors6-rgbd_camera
[0.982s] -- Looking for ignition-sensors6 -- found version 6.8.1
[0.982s] -- Searching for <ignition-sensors6> component [thermal_camera]
[0.982s] -- Looking for ignition-sensors6-thermal_camera -- found version 6.8.1
[0.983s] -- Searching for dependencies of ignition-sensors6-thermal_camera
[0.983s] -- Looking for ignition-sensors6 -- found version 6.8.1
[0.983s] -- Looking for ignition-rendering6 -- found version 6.6.3
[0.984s] -- Looking for ignition-math6 -- found version 6.15.1
[0.984s] -- Looking for ignition-utils1 -- found version 1.5.1
[1.003s] -- Found geometry_msgs: 4.2.4 (/opt/ros/humble/share/geometry_msgs/cmake)
[1.014s] -- Found tf2: 0.25.9 (/opt/ros/humble/share/tf2/cmake)
[1.018s] [31mCMake Error at /opt/ros/humble/share/ament_cmake_target_dependencies/cmake/ament_target_dependencies.cmake:77 (message):
[1.018s]   ament_target_dependencies() the passed package name 'ignition-msgs6' was
[1.018s]   not found before
[1.018s] Call Stack (most recent call first):
[1.018s]   CMakeLists.txt:24 (ament_target_dependencies)
[1.018s] 
[1.018s] [0m
[1.019s] -- Configuring incomplete, errors occurred!
[1.019s] See also "/home/ashy/baja_ws/build/vehicle/CMakeFiles/CMakeOutput.log".
[1.032s] gmake: *** [Makefile:267: cmake_check_build_system] Error 1
[1.036s] Invoked command in '/home/ashy/baja_ws/build/vehicle' returned '2': CMAKE_PREFIX_PATH=${CMAKE_PREFIX_PATH}:/opt/ros/humble /usr/bin/cmake --build /home/ashy/baja_ws/build/vehicle -- -j16 -l16
