[0.009s] Invoking command in '/home/ashy/baja_ws/build/vehicle': CMAKE_PREFIX_PATH=${CMAKE_PREFIX_PATH}:/opt/ros/humble /usr/bin/cmake --build /home/ashy/baja_ws/build/vehicle -- -j16 -l16
[0.029s] -- Found ament_cmake: 1.3.10 (/opt/ros/humble/share/ament_cmake/cmake)
[0.099s] -- Found rclpy: 3.3.14 (/opt/ros/humble/share/rclpy/cmake)
[0.100s] -- Found rclcpp: 16.0.10 (/opt/ros/humble/share/rclcpp/cmake)
[0.117s] -- Found rosidl_generator_c: 3.1.5 (/opt/ros/humble/share/rosidl_generator_c/cmake)
[0.118s] -- Found rosidl_adapter: 3.1.5 (/opt/ros/humble/share/rosidl_adapter/cmake)
[0.121s] -- Found rosidl_generator_cpp: 3.1.5 (/opt/ros/humble/share/rosidl_generator_cpp/cmake)
[0.126s] -- Using all available rosidl_typesupport_c: rosidl_typesupport_fastrtps_c;rosidl_typesupport_introspection_c
[0.132s] -- Using all available rosidl_typesupport_cpp: rosidl_typesupport_fastrtps_cpp;rosidl_typesupport_introspection_cpp
[0.149s] -- Found rmw_implementation_cmake: 6.1.2 (/opt/ros/humble/share/rmw_implementation_cmake/cmake)
[0.150s] -- Found rmw_fastrtps_cpp: 6.2.7 (/opt/ros/humble/share/rmw_fastrtps_cpp/cmake)
[0.217s] -- Using RMW implementation 'rmw_fastrtps_cpp' as default
[0.264s] -- Found DART: /usr/include (Required is at least version "6.6") found components: dart 
[0.282s] -- Found Protobuf: /usr/lib/x86_64-linux-gnu/libprotobuf.so (found version "3.12.4") 
[0.283s] -- Looking for ignition-math6 -- found version 6.15.1
[0.286s] -- Searching for dependencies of ignition-math6
[0.287s] -- Looking for OGRE...
[0.291s] -- Found Ogre Ghadamon (1.9.0)
[0.291s] -- Found OGRE: optimized;/usr/lib/x86_64-linux-gnu/libOgreMain.so;debug;/usr/lib/x86_64-linux-gnu/libOgreMain.so
[0.297s] -- Looking for OGRE_Paging...
[0.297s] -- Found OGRE_Paging: optimized;/usr/lib/x86_64-linux-gnu/libOgrePaging.so;debug;/usr/lib/x86_64-linux-gnu/libOgrePaging.so
[0.297s] -- Looking for OGRE_Terrain...
[0.297s] -- Found OGRE_Terrain: optimized;/usr/lib/x86_64-linux-gnu/libOgreTerrain.so;debug;/usr/lib/x86_64-linux-gnu/libOgreTerrain.so
[0.297s] -- Looking for OGRE_Property...
[0.297s] -- Found OGRE_Property: optimized;/usr/lib/x86_64-linux-gnu/libOgreProperty.so;debug;/usr/lib/x86_64-linux-gnu/libOgreProperty.so
[0.298s] -- Looking for OGRE_RTShaderSystem...
[0.298s] -- Found OGRE_RTShaderSystem: optimized;/usr/lib/x86_64-linux-gnu/libOgreRTShaderSystem.so;debug;/usr/lib/x86_64-linux-gnu/libOgreRTShaderSystem.so
[0.298s] -- Looking for OGRE_Volume...
[0.298s] -- Found OGRE_Volume: optimized;/usr/lib/x86_64-linux-gnu/libOgreVolume.so;debug;/usr/lib/x86_64-linux-gnu/libOgreVolume.so
[0.298s] -- Looking for OGRE_Overlay...
[0.298s] -- Found OGRE_Overlay: optimized;/usr/lib/x86_64-linux-gnu/libOgreOverlay.so;debug;/usr/lib/x86_64-linux-gnu/libOgreOverlay.so
[0.363s] -- Looking for ignition-math6 -- found version 6.15.1
[0.363s] -- Looking for ignition-transport8 -- found version 8.2.1
[0.363s] -- Searching for dependencies of ignition-transport8
[0.378s] -- Found Protobuf: /usr/lib/x86_64-linux-gnu/libprotobuf.so (found suitable version "3.12.4", minimum required is "3") 
[0.386s] -- Config-file not installed for ZeroMQ -- checking for pkg-config
[0.391s] -- Checking for module 'libzmq >= 4'
[0.402s] --   Found libzmq , version 4.3.4
[0.441s] -- Checking for module 'uuid'
[0.451s] --   Found uuid, version 2.37.2
[0.481s] -- Looking for ignition-msgs5 -- found version 5.8.1
[0.482s] -- Searching for dependencies of ignition-msgs5
[0.495s] -- Looking for ignition-math6 -- found version 6.15.1
[0.500s] -- Checking for module 'tinyxml2'
[0.511s] --   Found tinyxml2, version 9.0.0
[0.541s] -- Looking for ignition-msgs5 -- found version 5.8.1
[0.542s] -- Looking for ignition-common3 -- found version 3.14.0
[0.542s] -- Searching for dependencies of ignition-common3
[0.542s] -- Looking for dlfcn.h - found
[0.542s] -- Looking for libdl - found
[0.550s] -- Searching for <ignition-common3> component [graphics]
[0.550s] -- Looking for ignition-common3-graphics -- found version 3.14.0
[0.550s] -- Searching for dependencies of ignition-common3-graphics
[0.550s] -- Looking for ignition-math6 -- found version 6.15.1
[0.551s] -- Looking for ignition-fuel_tools4 -- found version 4.4.0
[0.551s] -- Searching for dependencies of ignition-fuel_tools4
[0.579s] -- Checking for module 'jsoncpp'
[0.590s] --   Found jsoncpp, version 1.9.5
[0.628s] -- Checking for module 'libzip'
[0.640s] --   Found libzip, version 1.7.3
[0.672s] -- Looking for ignition-common3 -- found version 3.14.0
[0.672s] -- Looking for ignition-math6 -- found version 6.15.1
[0.672s] -- Looking for ignition-msgs5 -- found version 5.8.1
[0.673s] -- Found gazebo_ros_pkgs: 3.7.0 (/opt/ros/humble/share/gazebo_ros_pkgs/cmake)
[0.673s] -- Found geometry_msgs: 4.2.4 (/opt/ros/humble/share/geometry_msgs/cmake)
[0.680s] -- Found tf2: 0.25.8 (/opt/ros/humble/share/tf2/cmake)
[0.682s] [31mCMake Error at /opt/ros/humble/share/ament_cmake_target_dependencies/cmake/ament_target_dependencies.cmake:77 (message):
[0.682s]   ament_target_dependencies() the passed package name 'ackermann_msgs' was
[0.682s]   not found before
[0.683s] Call Stack (most recent call first):
[0.683s]   CMakeLists.txt:21 (ament_target_dependencies)
[0.683s] 
[0.683s] [0m
[0.683s] -- Configuring incomplete, errors occurred!
[0.683s] See also "/home/ashy/baja_ws/build/vehicle/CMakeFiles/CMakeOutput.log".
[0.689s] gmake: *** [Makefile:267: cmake_check_build_system] Error 1
[0.691s] Invoked command in '/home/ashy/baja_ws/build/vehicle' returned '2': CMAKE_PREFIX_PATH=${CMAKE_PREFIX_PATH}:/opt/ros/humble /usr/bin/cmake --build /home/ashy/baja_ws/build/vehicle -- -j16 -l16
