[35m[1mConsolidate compiler generated dependencies of target acker[0m
[100%] Built target acker
-- Install configuration: ""
-- Up-to-date: /home/ashy/baja_ws/install/vehicle/lib/vehicle/scripts/calibration_publisher.py
-- Up-to-date: /home/ashy/baja_ws/install/vehicle/share/vehicle//meshes
-- Up-to-date: /home/ashy/baja_ws/install/vehicle/share/vehicle//meshes/BKR.STL
-- Up-to-date: /home/ashy/baja_ws/install/vehicle/share/vehicle//meshes/FRR.STL
-- Up-to-date: /home/ashy/baja_ws/install/vehicle/share/vehicle//meshes/FRL.STL
-- Up-to-date: /home/ashy/baja_ws/install/vehicle/share/vehicle//meshes/BKL.STL
-- Up-to-date: /home/ashy/baja_ws/install/vehicle/share/vehicle//meshes/base_link.STL
-- Up-to-date: /home/ashy/baja_ws/install/vehicle/share/vehicle//urdf
-- Up-to-date: /home/ashy/baja_ws/install/vehicle/share/vehicle//urdf/B4WTYPE3.csv
-- Up-to-date: /home/ashy/baja_ws/install/vehicle/share/vehicle//urdf/B4WTYPE3.urdf
-- Up-to-date: /home/ashy/baja_ws/install/vehicle/share/vehicle//urdf/B4WTYPE3
-- Up-to-date: /home/ashy/baja_ws/install/vehicle/share/vehicle//urdf/B4WTYPE3/B4WTYPE3.usd
-- Up-to-date: /home/ashy/baja_ws/install/vehicle/share/vehicle//urdf/B4WTYPE3.config
-- Up-to-date: /home/ashy/baja_ws/install/vehicle/share/vehicle//urdf/vehicle.config
-- Up-to-date: /home/ashy/baja_ws/install/vehicle/share/vehicle//config
-- Up-to-date: /home/ashy/baja_ws/install/vehicle/share/vehicle//config/ackermann_controller.yaml
-- Up-to-date: /home/ashy/baja_ws/install/vehicle/share/vehicle//config/joint_names_B4WTYPE3.yaml
-- Up-to-date: /home/ashy/baja_ws/install/vehicle/lib/vehicle/acker
-- Up-to-date: /home/ashy/baja_ws/install/vehicle/share/ament_index/resource_index/package_run_dependencies/vehicle
-- Up-to-date: /home/ashy/baja_ws/install/vehicle/share/ament_index/resource_index/parent_prefix_path/vehicle
-- Up-to-date: /home/ashy/baja_ws/install/vehicle/share/vehicle/environment/ament_prefix_path.sh
-- Up-to-date: /home/ashy/baja_ws/install/vehicle/share/vehicle/environment/ament_prefix_path.dsv
-- Up-to-date: /home/ashy/baja_ws/install/vehicle/share/vehicle/environment/path.sh
-- Up-to-date: /home/ashy/baja_ws/install/vehicle/share/vehicle/environment/path.dsv
-- Up-to-date: /home/ashy/baja_ws/install/vehicle/share/vehicle/local_setup.bash
-- Up-to-date: /home/ashy/baja_ws/install/vehicle/share/vehicle/local_setup.sh
-- Up-to-date: /home/ashy/baja_ws/install/vehicle/share/vehicle/local_setup.zsh
-- Up-to-date: /home/ashy/baja_ws/install/vehicle/share/vehicle/local_setup.dsv
-- Installing: /home/ashy/baja_ws/install/vehicle/share/vehicle/package.dsv
-- Up-to-date: /home/ashy/baja_ws/install/vehicle/share/ament_index/resource_index/packages/vehicle
-- Up-to-date: /home/ashy/baja_ws/install/vehicle/share/vehicle/cmake/vehicleConfig.cmake
-- Up-to-date: /home/ashy/baja_ws/install/vehicle/share/vehicle/cmake/vehicleConfig-version.cmake
-- Up-to-date: /home/ashy/baja_ws/install/vehicle/share/vehicle/package.xml
