[0.009s] Invoking command in '/home/ashy/baja_ws/build/vehicle': CMAKE_PREFIX_PATH=${CMAKE_PREFIX_PATH}:/opt/ros/humble /usr/bin/cmake --build /home/ashy/baja_ws/build/vehicle -- -j16 -l16
[0.055s] -- Found ament_cmake: 1.3.11 (/opt/ros/humble/share/ament_cmake/cmake)
[0.160s] [31mCMake Error at CMakeLists.txt:11 (find_package):
[0.160s]   By not providing "Findackermann_msgs.cmake" in CMAKE_MODULE_PATH this
[0.160s]   project has asked CMake to find a package configuration file provided by
[0.160s]   "ackermann_msgs", but CMake did not find one.
[0.160s] 
[0.160s]   Could not find a package configuration file provided by "ackermann_msgs"
[0.160s]   with any of the following names:
[0.160s] 
[0.160s]     ackermann_msgsConfig.cmake
[0.160s]     ackermann_msgs-config.cmake
[0.161s] 
[0.161s]   Add the installation prefix of "ackermann_msgs" to CMAKE_PREFIX_PATH or set
[0.161s]   "ackermann_msgs_DIR" to a directory containing one of the above files.  If
[0.161s]   "ackermann_msgs" provides a separate development package or SDK, be sure it
[0.161s]   has been installed.
[0.161s] 
[0.161s] [0m
[0.161s] -- Configuring incomplete, errors occurred!
[0.161s] See also "/home/ashy/baja_ws/build/vehicle/CMakeFiles/CMakeOutput.log".
[0.165s] gmake: *** [Makefile:267: cmake_check_build_system] Error 1
[0.168s] Invoked command in '/home/ashy/baja_ws/build/vehicle' returned '2': CMAKE_PREFIX_PATH=${CMAKE_PREFIX_PATH}:/opt/ros/humble /usr/bin/cmake --build /home/ashy/baja_ws/build/vehicle -- -j16 -l16
