[0.008s] Invoking command in '/home/ashy/baja_ws/build/vehicle': CMAKE_PREFIX_PATH=${CMAKE_PREFIX_PATH}:/opt/ros/humble /usr/bin/cmake --build /home/ashy/baja_ws/build/vehicle -- -j16 -l16
[0.054s] -- Found ament_cmake: 1.3.11 (/opt/ros/humble/share/ament_cmake/cmake)
[0.134s] -- Found ackermann_msgs: 2.0.2 (/opt/ros/humble/share/ackermann_msgs/cmake)
[0.156s] -- Found rosidl_generator_c: 3.1.6 (/opt/ros/humble/share/rosidl_generator_c/cmake)
[0.158s] -- Found rosidl_adapter: 3.1.6 (/opt/ros/humble/share/rosidl_adapter/cmake)
[0.163s] -- Found rosidl_generator_cpp: 3.1.6 (/opt/ros/humble/share/rosidl_generator_cpp/cmake)
[0.171s] -- Using all available rosidl_typesupport_c: rosidl_typesupport_fastrtps_c;rosidl_typesupport_introspection_c
[0.180s] -- Using all available rosidl_typesupport_cpp: rosidl_typesupport_fastrtps_cpp;rosidl_typesupport_introspection_cpp
[0.203s] -- Found rclpy: 3.3.15 (/opt/ros/humble/share/rclpy/cmake)
[0.204s] -- Found rclcpp: 16.0.11 (/opt/ros/humble/share/rclcpp/cmake)
[0.226s] -- Found rmw_implementation_cmake: 6.1.2 (/opt/ros/humble/share/rmw_implementation_cmake/cmake)
[0.230s] -- Found rmw_cyclonedds_cpp: 1.3.4 (/opt/ros/humble/share/rmw_cyclonedds_cpp/cmake)
[0.249s] -- Using RMW implementation 'rmw_cyclonedds_cpp' as default
[0.278s] -- Found gazebo_dev: 3.7.0 (/opt/ros/humble/share/gazebo_dev/cmake)
[0.310s] -- Found DART: /usr/include (Required is at least version "6.6") found components: dart 
[0.339s] -- Found Protobuf: /usr/lib/x86_64-linux-gnu/libprotobuf.so (found version "3.12.4") 
[0.341s] -- Looking for ignition-math6 -- found version 6.15.1
[0.347s] -- Searching for dependencies of ignition-math6
[0.348s] -- Looking for OGRE...
[0.353s] -- Found Ogre Ghadamon (1.9.0)
[0.353s] -- Found OGRE: optimized;/usr/lib/x86_64-linux-gnu/libOgreMain.so;debug;/usr/lib/x86_64-linux-gnu/libOgreMain.so
[0.359s] -- Looking for OGRE_Paging...
[0.359s] -- Found OGRE_Paging: optimized;/usr/lib/x86_64-linux-gnu/libOgrePaging.so;debug;/usr/lib/x86_64-linux-gnu/libOgrePaging.so
[0.359s] -- Looking for OGRE_Terrain...
[0.359s] -- Found OGRE_Terrain: optimized;/usr/lib/x86_64-linux-gnu/libOgreTerrain.so;debug;/usr/lib/x86_64-linux-gnu/libOgreTerrain.so
[0.359s] -- Looking for OGRE_Property...
[0.359s] -- Found OGRE_Property: optimized;/usr/lib/x86_64-linux-gnu/libOgreProperty.so;debug;/usr/lib/x86_64-linux-gnu/libOgreProperty.so
[0.359s] -- Looking for OGRE_RTShaderSystem...
[0.359s] -- Found OGRE_RTShaderSystem: optimized;/usr/lib/x86_64-linux-gnu/libOgreRTShaderSystem.so;debug;/usr/lib/x86_64-linux-gnu/libOgreRTShaderSystem.so
[0.359s] -- Looking for OGRE_Volume...
[0.360s] -- Found OGRE_Volume: optimized;/usr/lib/x86_64-linux-gnu/libOgreVolume.so;debug;/usr/lib/x86_64-linux-gnu/libOgreVolume.so
[0.360s] -- Looking for OGRE_Overlay...
[0.360s] -- Found OGRE_Overlay: optimized;/usr/lib/x86_64-linux-gnu/libOgreOverlay.so;debug;/usr/lib/x86_64-linux-gnu/libOgreOverlay.so
[0.433s] -- Looking for ignition-math6 -- found version 6.15.1
[0.434s] -- Looking for ignition-transport8 -- found version 8.2.1
[0.434s] -- Searching for dependencies of ignition-transport8
[0.449s] -- Found Protobuf: /usr/lib/x86_64-linux-gnu/libprotobuf.so (found suitable version "3.12.4", minimum required is "3") 
[0.457s] -- Config-file not installed for ZeroMQ -- checking for pkg-config
[0.461s] -- Checking for module 'libzmq >= 4'
[0.475s] --   Found libzmq , version 4.3.4
[0.518s] -- Checking for module 'uuid'
[0.533s] --   Found uuid, version 2.37.2
[0.567s] -- Looking for ignition-msgs5 -- found version 5.8.1
[0.568s] -- Searching for dependencies of ignition-msgs5
[0.582s] -- Looking for ignition-math6 -- found version 6.15.1
[0.587s] -- Checking for module 'tinyxml2'
[0.599s] --   Found tinyxml2, version 9.0.0
[0.638s] -- Looking for ignition-msgs5 -- found version 5.8.1
[0.639s] -- Looking for ignition-common3 -- found version 3.14.0
[0.639s] -- Searching for dependencies of ignition-common3
[0.639s] -- Looking for dlfcn.h - found
[0.639s] -- Looking for libdl - found
[0.648s] -- Searching for <ignition-common3> component [graphics]
[0.649s] -- Looking for ignition-common3-graphics -- found version 3.14.0
[0.649s] -- Searching for dependencies of ignition-common3-graphics
[0.649s] -- Looking for ignition-math6 -- found version 6.15.1
[0.651s] -- Looking for ignition-fuel_tools4 -- found version 4.4.0
[0.651s] -- Searching for dependencies of ignition-fuel_tools4
[0.683s] -- Checking for module 'jsoncpp'
[0.694s] --   Found jsoncpp, version 1.9.5
[0.736s] -- Checking for module 'libzip'
[0.748s] --   Found libzip, version 1.7.3
[0.780s] -- Looking for ignition-common3 -- found version 3.14.0
[0.781s] -- Looking for ignition-math6 -- found version 6.15.1
[0.781s] -- Looking for ignition-msgs5 -- found version 5.8.1
[0.783s] -- Gazebo version: 11.10
[0.792s] [31mCMake Error at CMakeLists.txt:15 (find_package):
[0.792s]   By not providing "Findgazebo_msgs.cmake" in CMAKE_MODULE_PATH this project
[0.792s]   has asked CMake to find a package configuration file provided by
[0.792s]   "gazebo_msgs", but CMake did not find one.
[0.792s] 
[0.792s]   Could not find a package configuration file provided by "gazebo_msgs" with
[0.792s]   any of the following names:
[0.792s] 
[0.792s]     gazebo_msgsConfig.cmake
[0.792s]     gazebo_msgs-config.cmake
[0.792s] 
[0.792s]   Add the installation prefix of "gazebo_msgs" to CMAKE_PREFIX_PATH or set
[0.792s]   "gazebo_msgs_DIR" to a directory containing one of the above files.  If
[0.792s]   "gazebo_msgs" provides a separate development package or SDK, be sure it
[0.792s]   has been installed.
[0.792s] 
[0.792s] [0m
[0.792s] -- Configuring incomplete, errors occurred!
[0.792s] See also "/home/ashy/baja_ws/build/vehicle/CMakeFiles/CMakeOutput.log".
[0.798s] gmake: *** [Makefile:267: cmake_check_build_system] Error 1
[0.800s] Invoked command in '/home/ashy/baja_ws/build/vehicle' returned '2': CMAKE_PREFIX_PATH=${CMAKE_PREFIX_PATH}:/opt/ros/humble /usr/bin/cmake --build /home/ashy/baja_ws/build/vehicle -- -j16 -l16
