[0.009s] Invoking command in '/home/ashy/baja_ws/build/vehicle': CMAKE_PREFIX_PATH=${CMAKE_PREFIX_PATH}:/home/ashy/valkyr_ws/install/teleop_twist_keyboard:/opt/ros/humble /usr/bin/cmake /home/ashy/baja_ws/src/vehicle -DCMAKE_INSTALL_PREFIX=/home/ashy/baja_ws/install/vehicle
[0.056s] -- The C compiler identification is GNU 11.4.0
[0.101s] -- The CXX compiler identification is GNU 11.4.0
[0.108s] -- Detecting C compiler ABI info
[0.176s] -- Detecting C compiler ABI info - done
[0.181s] -- Check for working C compiler: /usr/bin/cc - skipped
[0.181s] -- Detecting C compile features
[0.181s] -- Detecting C compile features - done
[0.183s] -- Detecting CXX compiler ABI info
[0.258s] -- Detecting CXX compiler ABI info - done
[0.263s] -- Check for working CXX compiler: /usr/bin/c++ - skipped
[0.263s] -- Detecting CXX compile features
[0.263s] -- Detecting CXX compile features - done
[0.265s] -- Found ament_cmake: 1.3.10 (/opt/ros/humble/share/ament_cmake/cmake)
[0.370s] -- Found Python3: /usr/bin/python3 (found version "3.10.12") found components: Interpreter 
[0.434s] -- Found rclcpp: 16.0.10 (/opt/ros/humble/share/rclcpp/cmake)
[0.463s] -- Found rosidl_generator_c: 3.1.5 (/opt/ros/humble/share/rosidl_generator_c/cmake)
[0.466s] -- Found rosidl_adapter: 3.1.5 (/opt/ros/humble/share/rosidl_adapter/cmake)
[0.472s] -- Found rosidl_generator_cpp: 3.1.5 (/opt/ros/humble/share/rosidl_generator_cpp/cmake)
[0.480s] -- Using all available rosidl_typesupport_c: rosidl_typesupport_fastrtps_c;rosidl_typesupport_introspection_c
[0.490s] -- Using all available rosidl_typesupport_cpp: rosidl_typesupport_fastrtps_cpp;rosidl_typesupport_introspection_cpp
[0.519s] -- Found rmw_implementation_cmake: 6.1.2 (/opt/ros/humble/share/rmw_implementation_cmake/cmake)
[0.521s] -- Found rmw_fastrtps_cpp: 6.2.7 (/opt/ros/humble/share/rmw_fastrtps_cpp/cmake)
[0.602s] -- Found OpenSSL: /usr/lib/x86_64-linux-gnu/libcrypto.so (found version "3.0.2")  
[0.623s] -- Found FastRTPS: /opt/ros/humble/include  
[0.657s] -- Using RMW implementation 'rmw_fastrtps_cpp' as default
[0.663s] -- Looking for pthread.h
[0.731s] -- Looking for pthread.h - found
[0.731s] -- Performing Test CMAKE_HAVE_LIBC_PTHREAD
[0.799s] -- Performing Test CMAKE_HAVE_LIBC_PTHREAD - Success
[0.800s] -- Found Threads: TRUE  
[0.835s] -- Found ament_lint_auto: 0.12.11 (/opt/ros/humble/share/ament_lint_auto/cmake)
[0.888s] -- Added test 'lint_cmake' to check CMake code style
[0.889s] -- Added test 'xmllint' to check XML markup files
[0.889s] -- Configuring done
[0.893s] -- Generating done
[0.894s] -- Build files have been written to: /home/ashy/baja_ws/build/vehicle
[0.904s] Invoked command in '/home/ashy/baja_ws/build/vehicle' returned '0': CMAKE_PREFIX_PATH=${CMAKE_PREFIX_PATH}:/home/ashy/valkyr_ws/install/teleop_twist_keyboard:/opt/ros/humble /usr/bin/cmake /home/ashy/baja_ws/src/vehicle -DCMAKE_INSTALL_PREFIX=/home/ashy/baja_ws/install/vehicle
[0.906s] Invoking command in '/home/ashy/baja_ws/build/vehicle': CMAKE_PREFIX_PATH=${CMAKE_PREFIX_PATH}:/home/ashy/valkyr_ws/install/teleop_twist_keyboard:/opt/ros/humble /usr/bin/cmake --build /home/ashy/baja_ws/build/vehicle -- -j16 -l16
[0.947s] Invoked command in '/home/ashy/baja_ws/build/vehicle' returned '0': CMAKE_PREFIX_PATH=${CMAKE_PREFIX_PATH}:/home/ashy/valkyr_ws/install/teleop_twist_keyboard:/opt/ros/humble /usr/bin/cmake --build /home/ashy/baja_ws/build/vehicle -- -j16 -l16
[0.981s] Invoking command in '/home/ashy/baja_ws/build/vehicle': CMAKE_PREFIX_PATH=${CMAKE_PREFIX_PATH}:/home/ashy/valkyr_ws/install/teleop_twist_keyboard:/opt/ros/humble /usr/bin/cmake --install /home/ashy/baja_ws/build/vehicle
[0.986s] -- Install configuration: ""
[0.986s] -- Installing: /home/ashy/baja_ws/install/vehicle/share/ament_index/resource_index/package_run_dependencies/vehicle
[0.986s] -- Installing: /home/ashy/baja_ws/install/vehicle/share/ament_index/resource_index/parent_prefix_path/vehicle
[0.987s] -- Installing: /home/ashy/baja_ws/install/vehicle/share/vehicle/environment/ament_prefix_path.sh
[0.987s] -- Installing: /home/ashy/baja_ws/install/vehicle/share/vehicle/environment/ament_prefix_path.dsv
[0.987s] -- Installing: /home/ashy/baja_ws/install/vehicle/share/vehicle/environment/path.sh
[0.987s] -- Installing: /home/ashy/baja_ws/install/vehicle/share/vehicle/environment/path.dsv
[0.987s] -- Installing: /home/ashy/baja_ws/install/vehicle/share/vehicle/local_setup.bash
[0.987s] -- Installing: /home/ashy/baja_ws/install/vehicle/share/vehicle/local_setup.sh
[0.987s] -- Installing: /home/ashy/baja_ws/install/vehicle/share/vehicle/local_setup.zsh
[0.987s] -- Installing: /home/ashy/baja_ws/install/vehicle/share/vehicle/local_setup.dsv
[0.987s] -- Installing: /home/ashy/baja_ws/install/vehicle/share/vehicle/package.dsv
[0.987s] -- Installing: /home/ashy/baja_ws/install/vehicle/share/ament_index/resource_index/packages/vehicle
[0.987s] -- Installing: /home/ashy/baja_ws/install/vehicle/share/vehicle/cmake/vehicleConfig.cmake
[0.988s] -- Installing: /home/ashy/baja_ws/install/vehicle/share/vehicle/cmake/vehicleConfig-version.cmake
[0.988s] -- Installing: /home/ashy/baja_ws/install/vehicle/share/vehicle/package.xml
[0.990s] Invoked command in '/home/ashy/baja_ws/build/vehicle' returned '0': CMAKE_PREFIX_PATH=${CMAKE_PREFIX_PATH}:/home/ashy/valkyr_ws/install/teleop_twist_keyboard:/opt/ros/humble /usr/bin/cmake --install /home/ashy/baja_ws/build/vehicle
