[0.009s] Invoking command in '/home/ashy/baja_ws/build/vehicle': CMAKE_PREFIX_PATH=/opt/ros/humble /usr/bin/cmake --build /home/ashy/baja_ws/build/vehicle -- -j16 -l16
[0.032s] -- Found ament_cmake: 1.3.10 (/opt/ros/humble/share/ament_cmake/cmake)
[0.103s] -- Found rclpy: 3.3.14 (/opt/ros/humble/share/rclpy/cmake)
[0.103s] -- Found rclcpp: 16.0.10 (/opt/ros/humble/share/rclcpp/cmake)
[0.121s] -- Found rosidl_generator_c: 3.1.5 (/opt/ros/humble/share/rosidl_generator_c/cmake)
[0.122s] -- Found rosidl_adapter: 3.1.5 (/opt/ros/humble/share/rosidl_adapter/cmake)
[0.125s] -- Found rosidl_generator_cpp: 3.1.5 (/opt/ros/humble/share/rosidl_generator_cpp/cmake)
[0.130s] -- Using all available rosidl_typesupport_c: rosidl_typesupport_fastrtps_c;rosidl_typesupport_introspection_c
[0.137s] -- Using all available rosidl_typesupport_cpp: rosidl_typesupport_fastrtps_cpp;rosidl_typesupport_introspection_cpp
[0.153s] -- Found rmw_implementation_cmake: 6.1.2 (/opt/ros/humble/share/rmw_implementation_cmake/cmake)
[0.154s] -- Found rmw_fastrtps_cpp: 6.2.7 (/opt/ros/humble/share/rmw_fastrtps_cpp/cmake)
[0.223s] -- Using RMW implementation 'rmw_fastrtps_cpp' as default
[0.256s] [33mCMake Warning (dev) at /usr/share/cmake-3.22/Modules/FindPackageHandleStandardArgs.cmake:438 (message):
[0.256s]   The package name passed to `find_package_handle_standard_args` (PkgConfig)
[0.256s]   does not match the name of the calling package (gazebo).  This can lead to
[0.256s]   problems in calling code that expects `find_package` result variables
[0.256s]   (e.g., `_FOUND`) to follow a certain pattern.
[0.256s] Call Stack (most recent call first):
[0.256s]   /usr/share/cmake-3.22/Modules/FindPkgConfig.cmake:99 (find_package_handle_standard_args)
[0.256s]   /usr/lib/x86_64-linux-gnu/cmake/gazebo/gazebo-config.cmake:72 (include)
[0.256s]   CMakeLists.txt:13 (find_package)
[0.256s] This warning is for project developers.  Use -Wno-dev to suppress it.
[0.256s] [0m
[0.282s] -- Found DART: /usr/include (Required is at least version "6.6") found components: dart 
[0.311s] -- Found Protobuf: /usr/lib/x86_64-linux-gnu/libprotobuf.so (found version "3.12.4") 
[0.313s] -- Looking for ignition-math6 -- found version 6.15.1
[0.319s] -- Searching for dependencies of ignition-math6
[0.320s] -- Looking for OGRE...
[0.325s] -- Found Ogre Ghadamon (1.9.0)
[0.325s] -- Found OGRE: optimized;/usr/lib/x86_64-linux-gnu/libOgreMain.so;debug;/usr/lib/x86_64-linux-gnu/libOgreMain.so
[0.333s] -- Looking for OGRE_Paging...
[0.333s] -- Found OGRE_Paging: optimized;/usr/lib/x86_64-linux-gnu/libOgrePaging.so;debug;/usr/lib/x86_64-linux-gnu/libOgrePaging.so
[0.333s] -- Looking for OGRE_Terrain...
[0.333s] -- Found OGRE_Terrain: optimized;/usr/lib/x86_64-linux-gnu/libOgreTerrain.so;debug;/usr/lib/x86_64-linux-gnu/libOgreTerrain.so
[0.334s] -- Looking for OGRE_Property...
[0.334s] -- Found OGRE_Property: optimized;/usr/lib/x86_64-linux-gnu/libOgreProperty.so;debug;/usr/lib/x86_64-linux-gnu/libOgreProperty.so
[0.334s] -- Looking for OGRE_RTShaderSystem...
[0.334s] -- Found OGRE_RTShaderSystem: optimized;/usr/lib/x86_64-linux-gnu/libOgreRTShaderSystem.so;debug;/usr/lib/x86_64-linux-gnu/libOgreRTShaderSystem.so
[0.334s] -- Looking for OGRE_Volume...
[0.334s] -- Found OGRE_Volume: optimized;/usr/lib/x86_64-linux-gnu/libOgreVolume.so;debug;/usr/lib/x86_64-linux-gnu/libOgreVolume.so
[0.334s] -- Looking for OGRE_Overlay...
[0.334s] -- Found OGRE_Overlay: optimized;/usr/lib/x86_64-linux-gnu/libOgreOverlay.so;debug;/usr/lib/x86_64-linux-gnu/libOgreOverlay.so
[0.398s] -- Looking for ignition-math6 -- found version 6.15.1
[0.399s] -- Looking for ignition-transport8 -- found version 8.2.1
[0.399s] -- Searching for dependencies of ignition-transport8
[0.413s] -- Found Protobuf: /usr/lib/x86_64-linux-gnu/libprotobuf.so (found suitable version "3.12.4", minimum required is "3") 
[0.421s] -- Config-file not installed for ZeroMQ -- checking for pkg-config
[0.425s] -- Checking for module 'libzmq >= 4'
[0.442s] --   Found libzmq , version 4.3.4
[0.478s] -- Checking for module 'uuid'
[0.488s] --   Found uuid, version 2.37.2
[0.518s] -- Looking for ignition-msgs5 -- found version 5.8.1
[0.519s] -- Searching for dependencies of ignition-msgs5
[0.536s] -- Looking for ignition-math6 -- found version 6.15.1
[0.541s] -- Checking for module 'tinyxml2'
[0.553s] --   Found tinyxml2, version 9.0.0
[0.584s] -- Looking for ignition-msgs5 -- found version 5.8.1
[0.584s] -- Looking for ignition-common3 -- found version 3.14.0
[0.585s] -- Searching for dependencies of ignition-common3
[0.585s] -- Looking for dlfcn.h - found
[0.585s] -- Looking for libdl - found
[0.593s] -- Searching for <ignition-common3> component [graphics]
[0.594s] -- Looking for ignition-common3-graphics -- found version 3.14.0
[0.594s] -- Searching for dependencies of ignition-common3-graphics
[0.594s] -- Looking for ignition-math6 -- found version 6.15.1
[0.595s] -- Looking for ignition-fuel_tools4 -- found version 4.4.0
[0.595s] -- Searching for dependencies of ignition-fuel_tools4
[0.626s] -- Checking for module 'jsoncpp'
[0.639s] --   Found jsoncpp, version 1.9.5
[0.675s] -- Checking for module 'libzip'
[0.687s] --   Found libzip, version 1.7.3
[0.715s] -- Looking for ignition-common3 -- found version 3.14.0
[0.715s] -- Looking for ignition-math6 -- found version 6.15.1
[0.715s] -- Looking for ignition-msgs5 -- found version 5.8.1
[0.726s] [31mCMake Error at CMakeLists.txt:14 (find_package):
[0.726s]   By not providing "Findgazebo_ros_pkgs.cmake" in CMAKE_MODULE_PATH this
[0.726s]   project has asked CMake to find a package configuration file provided by
[0.726s]   "gazebo_ros_pkgs", but CMake did not find one.
[0.726s] 
[0.727s]   Could not find a package configuration file provided by "gazebo_ros_pkgs"
[0.727s]   with any of the following names:
[0.727s] 
[0.728s]     gazebo_ros_pkgsConfig.cmake
[0.728s]     gazebo_ros_pkgs-config.cmake
[0.728s] 
[0.728s]   Add the installation prefix of "gazebo_ros_pkgs" to CMAKE_PREFIX_PATH or
[0.728s]   set "gazebo_ros_pkgs_DIR" to a directory containing one of the above files.
[0.728s]   If "gazebo_ros_pkgs" provides a separate development package or SDK, be
[0.728s]   sure it has been installed.
[0.728s] 
[0.728s] [0m
[0.728s] -- Configuring incomplete, errors occurred!
[0.729s] See also "/home/ashy/baja_ws/build/vehicle/CMakeFiles/CMakeOutput.log".
[0.736s] gmake: *** [Makefile:226: cmake_check_build_system] Error 1
[0.739s] Invoked command in '/home/ashy/baja_ws/build/vehicle' returned '2': CMAKE_PREFIX_PATH=/opt/ros/humble /usr/bin/cmake --build /home/ashy/baja_ws/build/vehicle -- -j16 -l16
