[0.012s] Invoking command in '/home/ashy/baja_ws/build/vehicle': CMAKE_PREFIX_PATH=/opt/ros/humble /usr/bin/cmake --build /home/ashy/baja_ws/build/vehicle -- -j16 -l16
[0.067s] -- Found ament_cmake: 1.3.10 (/opt/ros/humble/share/ament_cmake/cmake)
[0.182s] -- Found rclpy: 3.3.14 (/opt/ros/humble/share/rclpy/cmake)
[0.182s] -- Found rclcpp: 16.0.10 (/opt/ros/humble/share/rclcpp/cmake)
[0.215s] -- Found rosidl_generator_c: 3.1.5 (/opt/ros/humble/share/rosidl_generator_c/cmake)
[0.218s] -- Found rosidl_adapter: 3.1.5 (/opt/ros/humble/share/rosidl_adapter/cmake)
[0.226s] -- Found rosidl_generator_cpp: 3.1.5 (/opt/ros/humble/share/rosidl_generator_cpp/cmake)
[0.236s] -- Using all available rosidl_typesupport_c: rosidl_typesupport_fastrtps_c;rosidl_typesupport_introspection_c
[0.248s] -- Using all available rosidl_typesupport_cpp: rosidl_typesupport_fastrtps_cpp;rosidl_typesupport_introspection_cpp
[0.279s] -- Found rmw_implementation_cmake: 6.1.2 (/opt/ros/humble/share/rmw_implementation_cmake/cmake)
[0.281s] -- Found rmw_fastrtps_cpp: 6.2.7 (/opt/ros/humble/share/rmw_fastrtps_cpp/cmake)
[0.385s] -- Using RMW implementation 'rmw_fastrtps_cpp' as default
[0.442s] [33mCMake Warning (dev) at /usr/share/cmake-3.22/Modules/FindPackageHandleStandardArgs.cmake:438 (message):
[0.442s]   The package name passed to `find_package_handle_standard_args` (PkgConfig)
[0.442s]   does not match the name of the calling package (gazebo).  This can lead to
[0.442s]   problems in calling code that expects `find_package` result variables
[0.442s]   (e.g., `_FOUND`) to follow a certain pattern.
[0.442s] Call Stack (most recent call first):
[0.442s]   /usr/share/cmake-3.22/Modules/FindPkgConfig.cmake:99 (find_package_handle_standard_args)
[0.442s]   /usr/lib/x86_64-linux-gnu/cmake/gazebo/gazebo-config.cmake:72 (include)
[0.442s]   CMakeLists.txt:13 (find_package)
[0.442s] This warning is for project developers.  Use -Wno-dev to suppress it.
[0.442s] [0m
[0.475s] -- Found DART: /usr/include (Required is at least version "6.6") found components: dart 
[0.515s] -- Found Protobuf: /usr/lib/x86_64-linux-gnu/libprotobuf.so (found version "3.12.4") 
[0.517s] -- Looking for ignition-math6 -- found version 6.15.1
[0.525s] -- Searching for dependencies of ignition-math6
[0.527s] -- Looking for OGRE...
[0.533s] -- Found Ogre Ghadamon (1.9.0)
[0.534s] -- Found OGRE: optimized;/usr/lib/x86_64-linux-gnu/libOgreMain.so;debug;/usr/lib/x86_64-linux-gnu/libOgreMain.so
[0.541s] -- Looking for OGRE_Paging...
[0.541s] -- Found OGRE_Paging: optimized;/usr/lib/x86_64-linux-gnu/libOgrePaging.so;debug;/usr/lib/x86_64-linux-gnu/libOgrePaging.so
[0.541s] -- Looking for OGRE_Terrain...
[0.541s] -- Found OGRE_Terrain: optimized;/usr/lib/x86_64-linux-gnu/libOgreTerrain.so;debug;/usr/lib/x86_64-linux-gnu/libOgreTerrain.so
[0.541s] -- Looking for OGRE_Property...
[0.541s] -- Found OGRE_Property: optimized;/usr/lib/x86_64-linux-gnu/libOgreProperty.so;debug;/usr/lib/x86_64-linux-gnu/libOgreProperty.so
[0.541s] -- Looking for OGRE_RTShaderSystem...
[0.541s] -- Found OGRE_RTShaderSystem: optimized;/usr/lib/x86_64-linux-gnu/libOgreRTShaderSystem.so;debug;/usr/lib/x86_64-linux-gnu/libOgreRTShaderSystem.so
[0.541s] -- Looking for OGRE_Volume...
[0.541s] -- Found OGRE_Volume: optimized;/usr/lib/x86_64-linux-gnu/libOgreVolume.so;debug;/usr/lib/x86_64-linux-gnu/libOgreVolume.so
[0.541s] -- Looking for OGRE_Overlay...
[0.541s] -- Found OGRE_Overlay: optimized;/usr/lib/x86_64-linux-gnu/libOgreOverlay.so;debug;/usr/lib/x86_64-linux-gnu/libOgreOverlay.so
[0.623s] -- Looking for ignition-math6 -- found version 6.15.1
[0.624s] -- Looking for ignition-transport8 -- found version 8.2.1
[0.625s] -- Searching for dependencies of ignition-transport8
[0.644s] -- Found Protobuf: /usr/lib/x86_64-linux-gnu/libprotobuf.so (found suitable version "3.12.4", minimum required is "3") 
[0.653s] -- Config-file not installed for ZeroMQ -- checking for pkg-config
[0.659s] -- Checking for module 'libzmq >= 4'
[0.676s] --   Found libzmq , version 4.3.4
[0.718s] -- Checking for module 'uuid'
[0.732s] --   Found uuid, version 2.37.2
[0.767s] -- Looking for ignition-msgs5 -- found version 5.8.1
[0.767s] -- Searching for dependencies of ignition-msgs5
[0.786s] -- Looking for ignition-math6 -- found version 6.15.1
[0.792s] -- Checking for module 'tinyxml2'
[0.804s] --   Found tinyxml2, version 9.0.0
[0.838s] -- Looking for ignition-msgs5 -- found version 5.8.1
[0.839s] -- Looking for ignition-common3 -- found version 3.14.0
[0.839s] -- Searching for dependencies of ignition-common3
[0.839s] -- Looking for dlfcn.h - found
[0.839s] -- Looking for libdl - found
[0.853s] -- Searching for <ignition-common3> component [graphics]
[0.853s] -- Looking for ignition-common3-graphics -- found version 3.14.0
[0.853s] -- Searching for dependencies of ignition-common3-graphics
[0.853s] -- Looking for ignition-math6 -- found version 6.15.1
[0.855s] -- Looking for ignition-fuel_tools4 -- found version 4.4.0
[0.855s] -- Searching for dependencies of ignition-fuel_tools4
[0.899s] -- Checking for module 'jsoncpp'
[0.913s] --   Found jsoncpp, version 1.9.5
[0.956s] -- Checking for module 'libzip'
[0.971s] --   Found libzip, version 1.7.3
[1.007s] -- Looking for ignition-common3 -- found version 3.14.0
[1.007s] -- Looking for ignition-math6 -- found version 6.15.1
[1.007s] -- Looking for ignition-msgs5 -- found version 5.8.1
[1.023s] [31mCMake Error at CMakeLists.txt:14 (find_package):
[1.023s]   By not providing "Findgazebo_ros_pkgs.cmake" in CMAKE_MODULE_PATH this
[1.023s]   project has asked CMake to find a package configuration file provided by
[1.023s]   "gazebo_ros_pkgs", but CMake did not find one.
[1.023s] 
[1.023s]   Could not find a package configuration file provided by "gazebo_ros_pkgs"
[1.023s]   with any of the following names:
[1.023s] 
[1.023s]     gazebo_ros_pkgsConfig.cmake
[1.023s]     gazebo_ros_pkgs-config.cmake
[1.023s] 
[1.023s]   Add the installation prefix of "gazebo_ros_pkgs" to CMAKE_PREFIX_PATH or
[1.023s]   set "gazebo_ros_pkgs_DIR" to a directory containing one of the above files.
[1.023s]   If "gazebo_ros_pkgs" provides a separate development package or SDK, be
[1.024s]   sure it has been installed.
[1.024s] 
[1.024s] [0m
[1.024s] -- Configuring incomplete, errors occurred!
[1.024s] See also "/home/ashy/baja_ws/build/vehicle/CMakeFiles/CMakeOutput.log".
[1.040s] gmake: *** [Makefile:226: cmake_check_build_system] Error 1
[1.044s] Invoked command in '/home/ashy/baja_ws/build/vehicle' returned '2': CMAKE_PREFIX_PATH=/opt/ros/humble /usr/bin/cmake --build /home/ashy/baja_ws/build/vehicle -- -j16 -l16
