[0.011s] Invoking command in '/home/ashy/baja_ws/build/vehicle': CMAKE_PREFIX_PATH=${CMAKE_PREFIX_PATH}:/opt/ros/humble /usr/bin/cmake --build /home/ashy/baja_ws/build/vehicle -- -j16 -l16
[0.072s] -- Found ament_cmake: 1.3.10 (/opt/ros/humble/share/ament_cmake/cmake)
[0.158s] -- Found rclpy: 3.3.14 (/opt/ros/humble/share/rclpy/cmake)
[0.158s] -- Found rclcpp: 16.0.10 (/opt/ros/humble/share/rclcpp/cmake)
[0.183s] -- Found rosidl_generator_c: 3.1.5 (/opt/ros/humble/share/rosidl_generator_c/cmake)
[0.185s] -- Found rosidl_adapter: 3.1.5 (/opt/ros/humble/share/rosidl_adapter/cmake)
[0.190s] -- Found rosidl_generator_cpp: 3.1.5 (/opt/ros/humble/share/rosidl_generator_cpp/cmake)
[0.198s] -- Using all available rosidl_typesupport_c: rosidl_typesupport_fastrtps_c;rosidl_typesupport_introspection_c
[0.207s] -- Using all available rosidl_typesupport_cpp: rosidl_typesupport_fastrtps_cpp;rosidl_typesupport_introspection_cpp
[0.233s] -- Found rmw_implementation_cmake: 6.1.2 (/opt/ros/humble/share/rmw_implementation_cmake/cmake)
[0.235s] -- Found rmw_fastrtps_cpp: 6.2.7 (/opt/ros/humble/share/rmw_fastrtps_cpp/cmake)
[0.312s] -- Using RMW implementation 'rmw_fastrtps_cpp' as default
[0.378s] -- Found DART: /usr/include (Required is at least version "6.6") found components: dart 
[0.404s] -- Found Protobuf: /usr/lib/x86_64-linux-gnu/libprotobuf.so (found version "3.12.4") 
[0.405s] -- Looking for ignition-math6 -- found version 6.15.1
[0.411s] -- Searching for dependencies of ignition-math6
[0.412s] -- Looking for OGRE...
[0.416s] -- Found Ogre Ghadamon (1.9.0)
[0.417s] -- Found OGRE: optimized;/usr/lib/x86_64-linux-gnu/libOgreMain.so;debug;/usr/lib/x86_64-linux-gnu/libOgreMain.so
[0.422s] -- Looking for OGRE_Paging...
[0.422s] -- Found OGRE_Paging: optimized;/usr/lib/x86_64-linux-gnu/libOgrePaging.so;debug;/usr/lib/x86_64-linux-gnu/libOgrePaging.so
[0.422s] -- Looking for OGRE_Terrain...
[0.423s] -- Found OGRE_Terrain: optimized;/usr/lib/x86_64-linux-gnu/libOgreTerrain.so;debug;/usr/lib/x86_64-linux-gnu/libOgreTerrain.so
[0.423s] -- Looking for OGRE_Property...
[0.423s] -- Found OGRE_Property: optimized;/usr/lib/x86_64-linux-gnu/libOgreProperty.so;debug;/usr/lib/x86_64-linux-gnu/libOgreProperty.so
[0.423s] -- Looking for OGRE_RTShaderSystem...
[0.423s] -- Found OGRE_RTShaderSystem: optimized;/usr/lib/x86_64-linux-gnu/libOgreRTShaderSystem.so;debug;/usr/lib/x86_64-linux-gnu/libOgreRTShaderSystem.so
[0.423s] -- Looking for OGRE_Volume...
[0.423s] -- Found OGRE_Volume: optimized;/usr/lib/x86_64-linux-gnu/libOgreVolume.so;debug;/usr/lib/x86_64-linux-gnu/libOgreVolume.so
[0.423s] -- Looking for OGRE_Overlay...
[0.423s] -- Found OGRE_Overlay: optimized;/usr/lib/x86_64-linux-gnu/libOgreOverlay.so;debug;/usr/lib/x86_64-linux-gnu/libOgreOverlay.so
[0.488s] -- Looking for ignition-math6 -- found version 6.15.1
[0.488s] -- Looking for ignition-transport8 -- found version 8.2.1
[0.489s] -- Searching for dependencies of ignition-transport8
[0.502s] -- Found Protobuf: /usr/lib/x86_64-linux-gnu/libprotobuf.so (found suitable version "3.12.4", minimum required is "3") 
[0.510s] -- Config-file not installed for ZeroMQ -- checking for pkg-config
[0.515s] -- Checking for module 'libzmq >= 4'
[0.529s] --   Found libzmq , version 4.3.4
[0.565s] -- Checking for module 'uuid'
[0.576s] --   Found uuid, version 2.37.2
[0.608s] -- Looking for ignition-msgs5 -- found version 5.8.1
[0.608s] -- Searching for dependencies of ignition-msgs5
[0.622s] -- Looking for ignition-math6 -- found version 6.15.1
[0.626s] -- Checking for module 'tinyxml2'
[0.640s] --   Found tinyxml2, version 9.0.0
[0.675s] -- Looking for ignition-msgs5 -- found version 5.8.1
[0.675s] -- Looking for ignition-common3 -- found version 3.14.0
[0.676s] -- Searching for dependencies of ignition-common3
[0.676s] -- Looking for dlfcn.h - found
[0.676s] -- Looking for libdl - found
[0.685s] -- Searching for <ignition-common3> component [graphics]
[0.685s] -- Looking for ignition-common3-graphics -- found version 3.14.0
[0.685s] -- Searching for dependencies of ignition-common3-graphics
[0.685s] -- Looking for ignition-math6 -- found version 6.15.1
[0.686s] -- Looking for ignition-fuel_tools4 -- found version 4.4.0
[0.686s] -- Searching for dependencies of ignition-fuel_tools4
[0.717s] -- Checking for module 'jsoncpp'
[0.730s] --   Found jsoncpp, version 1.9.5
[0.768s] -- Checking for module 'libzip'
[0.780s] --   Found libzip, version 1.7.3
[0.810s] -- Looking for ignition-common3 -- found version 3.14.0
[0.811s] -- Looking for ignition-math6 -- found version 6.15.1
[0.811s] -- Looking for ignition-msgs5 -- found version 5.8.1
[0.813s] -- Found gazebo_ros_pkgs: 3.7.0 (/opt/ros/humble/share/gazebo_ros_pkgs/cmake)
[0.813s] -- Found geometry_msgs: 4.2.4 (/opt/ros/humble/share/geometry_msgs/cmake)
[0.822s] -- Found tf2: 0.25.8 (/opt/ros/humble/share/tf2/cmake)
[0.826s] -- Found ament_lint_auto: 0.12.11 (/opt/ros/humble/share/ament_lint_auto/cmake)
[0.866s] -- Configuring done
[0.871s] [0mCMake Error: Cannot determine link language for target "acker".[0m
[0.871s] [0mCMake Error: CMake can not determine linker language for target: acker[0m
[0.872s] -- Generating done
[0.873s] [0mCMake Generate step failed.  Build files cannot be regenerated correctly.[0m
[0.880s] gmake: *** [Makefile:226: cmake_check_build_system] Error 1
[0.883s] Invoked command in '/home/ashy/baja_ws/build/vehicle' returned '2': CMAKE_PREFIX_PATH=${CMAKE_PREFIX_PATH}:/opt/ros/humble /usr/bin/cmake --build /home/ashy/baja_ws/build/vehicle -- -j16 -l16
