[0.009s] Invoking command in '/home/ashy/baja_ws/build/vehicle': CMAKE_PREFIX_PATH=/opt/ros/humble /usr/bin/cmake /home/ashy/baja_ws/src/vehicle -DCMAKE_INSTALL_PREFIX=/home/ashy/baja_ws/install/vehicle
[0.022s] -- Found ament_cmake: 1.3.10 (/opt/ros/humble/share/ament_cmake/cmake)
[0.121s] -- Found rclpy: 3.3.14 (/opt/ros/humble/share/rclpy/cmake)
[0.121s] -- Found rclcpp: 16.0.10 (/opt/ros/humble/share/rclcpp/cmake)
[0.141s] -- Found rosidl_generator_c: 3.1.5 (/opt/ros/humble/share/rosidl_generator_c/cmake)
[0.143s] -- Found rosidl_adapter: 3.1.5 (/opt/ros/humble/share/rosidl_adapter/cmake)
[0.147s] -- Found rosidl_generator_cpp: 3.1.5 (/opt/ros/humble/share/rosidl_generator_cpp/cmake)
[0.153s] -- Using all available rosidl_typesupport_c: rosidl_typesupport_fastrtps_c;rosidl_typesupport_introspection_c
[0.160s] -- Using all available rosidl_typesupport_cpp: rosidl_typesupport_fastrtps_cpp;rosidl_typesupport_introspection_cpp
[0.180s] -- Found rmw_implementation_cmake: 6.1.2 (/opt/ros/humble/share/rmw_implementation_cmake/cmake)
[0.181s] -- Found rmw_fastrtps_cpp: 6.2.7 (/opt/ros/humble/share/rmw_fastrtps_cpp/cmake)
[0.275s] -- Using RMW implementation 'rmw_fastrtps_cpp' as default
[0.331s] -- Found DART: /usr/include (Required is at least version "6.6") found components: dart 
[0.356s] -- Found Protobuf: /usr/lib/x86_64-linux-gnu/libprotobuf.so (found version "3.12.4") 
[0.357s] -- Looking for ignition-math6 -- found version 6.15.1
[0.361s] -- Searching for dependencies of ignition-math6
[0.362s] -- Looking for OGRE...
[0.368s] -- Found Ogre Ghadamon (1.9.0)
[0.368s] -- Found OGRE: optimized;/usr/lib/x86_64-linux-gnu/libOgreMain.so;debug;/usr/lib/x86_64-linux-gnu/libOgreMain.so
[0.376s] -- Looking for OGRE_Paging...
[0.376s] -- Found OGRE_Paging: optimized;/usr/lib/x86_64-linux-gnu/libOgrePaging.so;debug;/usr/lib/x86_64-linux-gnu/libOgrePaging.so
[0.376s] -- Looking for OGRE_Terrain...
[0.376s] -- Found OGRE_Terrain: optimized;/usr/lib/x86_64-linux-gnu/libOgreTerrain.so;debug;/usr/lib/x86_64-linux-gnu/libOgreTerrain.so
[0.376s] -- Looking for OGRE_Property...
[0.376s] -- Found OGRE_Property: optimized;/usr/lib/x86_64-linux-gnu/libOgreProperty.so;debug;/usr/lib/x86_64-linux-gnu/libOgreProperty.so
[0.376s] -- Looking for OGRE_RTShaderSystem...
[0.376s] -- Found OGRE_RTShaderSystem: optimized;/usr/lib/x86_64-linux-gnu/libOgreRTShaderSystem.so;debug;/usr/lib/x86_64-linux-gnu/libOgreRTShaderSystem.so
[0.376s] -- Looking for OGRE_Volume...
[0.376s] -- Found OGRE_Volume: optimized;/usr/lib/x86_64-linux-gnu/libOgreVolume.so;debug;/usr/lib/x86_64-linux-gnu/libOgreVolume.so
[0.376s] -- Looking for OGRE_Overlay...
[0.376s] -- Found OGRE_Overlay: optimized;/usr/lib/x86_64-linux-gnu/libOgreOverlay.so;debug;/usr/lib/x86_64-linux-gnu/libOgreOverlay.so
[0.459s] -- Looking for ignition-math6 -- found version 6.15.1
[0.459s] -- Looking for ignition-transport8 -- found version 8.2.1
[0.459s] -- Searching for dependencies of ignition-transport8
[0.477s] -- Found Protobuf: /usr/lib/x86_64-linux-gnu/libprotobuf.so (found suitable version "3.12.4", minimum required is "3") 
[0.486s] -- Config-file not installed for ZeroMQ -- checking for pkg-config
[0.492s] -- Checking for module 'libzmq >= 4'
[0.506s] --   Found libzmq , version 4.3.4
[0.548s] -- Checking for module 'uuid'
[0.561s] --   Found uuid, version 2.37.2
[0.595s] -- Looking for ignition-msgs5 -- found version 5.8.1
[0.595s] -- Searching for dependencies of ignition-msgs5
[0.613s] -- Looking for ignition-math6 -- found version 6.15.1
[0.619s] -- Checking for module 'tinyxml2'
[0.632s] --   Found tinyxml2, version 9.0.0
[0.665s] -- Looking for ignition-msgs5 -- found version 5.8.1
[0.665s] -- Looking for ignition-common3 -- found version 3.14.0
[0.666s] -- Searching for dependencies of ignition-common3
[0.666s] -- Looking for dlfcn.h - found
[0.666s] -- Looking for libdl - found
[0.678s] -- Searching for <ignition-common3> component [graphics]
[0.678s] -- Looking for ignition-common3-graphics -- found version 3.14.0
[0.678s] -- Searching for dependencies of ignition-common3-graphics
[0.678s] -- Looking for ignition-math6 -- found version 6.15.1
[0.679s] -- Looking for ignition-fuel_tools4 -- found version 4.4.0
[0.679s] -- Searching for dependencies of ignition-fuel_tools4
[0.724s] -- Checking for module 'jsoncpp'
[0.737s] --   Found jsoncpp, version 1.9.5
[0.778s] -- Checking for module 'libzip'
[0.790s] --   Found libzip, version 1.7.3
[0.824s] -- Looking for ignition-common3 -- found version 3.14.0
[0.824s] -- Looking for ignition-math6 -- found version 6.15.1
[0.825s] -- Looking for ignition-msgs5 -- found version 5.8.1
[0.826s] -- Found gazebo_ros_pkgs: 3.7.0 (/opt/ros/humble/share/gazebo_ros_pkgs/cmake)
[0.826s] -- Found geometry_msgs: 4.2.4 (/opt/ros/humble/share/geometry_msgs/cmake)
[0.835s] -- Found tf2: 0.25.8 (/opt/ros/humble/share/tf2/cmake)
[0.837s] -- Found ament_lint_auto: 0.12.11 (/opt/ros/humble/share/ament_lint_auto/cmake)
[0.890s] -- Configuring done
[0.896s] -- Generating done
[0.898s] -- Build files have been written to: /home/ashy/baja_ws/build/vehicle
[0.913s] Invoked command in '/home/ashy/baja_ws/build/vehicle' returned '0': CMAKE_PREFIX_PATH=/opt/ros/humble /usr/bin/cmake /home/ashy/baja_ws/src/vehicle -DCMAKE_INSTALL_PREFIX=/home/ashy/baja_ws/install/vehicle
[0.916s] Invoking command in '/home/ashy/baja_ws/build/vehicle': CMAKE_PREFIX_PATH=/opt/ros/humble /usr/bin/cmake --build /home/ashy/baja_ws/build/vehicle -- -j16 -l16
[0.963s] Invoked command in '/home/ashy/baja_ws/build/vehicle' returned '0': CMAKE_PREFIX_PATH=/opt/ros/humble /usr/bin/cmake --build /home/ashy/baja_ws/build/vehicle -- -j16 -l16
[0.976s] Invoking command in '/home/ashy/baja_ws/build/vehicle': CMAKE_PREFIX_PATH=/opt/ros/humble /usr/bin/cmake --install /home/ashy/baja_ws/build/vehicle
[0.983s] -- Install configuration: ""
[0.983s] -- Up-to-date: /home/ashy/baja_ws/install/vehicle/lib/vehicle/scripts/calibration_publisher.py
[0.984s] -- Up-to-date: /home/ashy/baja_ws/install/vehicle/share/vehicle//meshes
[0.984s] -- Up-to-date: /home/ashy/baja_ws/install/vehicle/share/vehicle//meshes/BKR.STL
[0.984s] -- Up-to-date: /home/ashy/baja_ws/install/vehicle/share/vehicle//meshes/FRR.STL
[0.984s] -- Up-to-date: /home/ashy/baja_ws/install/vehicle/share/vehicle//meshes/FRL.STL
[0.984s] -- Up-to-date: /home/ashy/baja_ws/install/vehicle/share/vehicle//meshes/BKL.STL
[0.984s] -- Up-to-date: /home/ashy/baja_ws/install/vehicle/share/vehicle//meshes/base_link.STL
[0.984s] -- Up-to-date: /home/ashy/baja_ws/install/vehicle/share/vehicle//urdf
[0.984s] -- Up-to-date: /home/ashy/baja_ws/install/vehicle/share/vehicle//urdf/B4WTYPE3.csv
[0.984s] -- Up-to-date: /home/ashy/baja_ws/install/vehicle/share/vehicle//urdf/B4WTYPE3.urdf
[0.984s] -- Up-to-date: /home/ashy/baja_ws/install/vehicle/share/vehicle//urdf/B4WTYPE3
[0.984s] -- Up-to-date: /home/ashy/baja_ws/install/vehicle/share/vehicle//urdf/B4WTYPE3/B4WTYPE3.usd
[0.984s] -- Up-to-date: /home/ashy/baja_ws/install/vehicle/share/vehicle//urdf/B4WTYPE3.config
[0.984s] -- Up-to-date: /home/ashy/baja_ws/install/vehicle/share/vehicle//urdf/vehicle.config
[0.984s] -- Up-to-date: /home/ashy/baja_ws/install/vehicle/share/vehicle//config
[0.984s] -- Up-to-date: /home/ashy/baja_ws/install/vehicle/share/vehicle//config/ackermann_controller.yaml
[0.984s] -- Up-to-date: /home/ashy/baja_ws/install/vehicle/share/vehicle//config/joint_names_B4WTYPE3.yaml
[0.984s] -- Up-to-date: /home/ashy/baja_ws/install/vehicle/share/ament_index/resource_index/package_run_dependencies/vehicle
[0.984s] -- Up-to-date: /home/ashy/baja_ws/install/vehicle/share/ament_index/resource_index/parent_prefix_path/vehicle
[0.984s] -- Up-to-date: /home/ashy/baja_ws/install/vehicle/share/vehicle/environment/ament_prefix_path.sh
[0.984s] -- Installing: /home/ashy/baja_ws/install/vehicle/share/vehicle/environment/ament_prefix_path.dsv
[0.984s] -- Up-to-date: /home/ashy/baja_ws/install/vehicle/share/vehicle/environment/path.sh
[0.984s] -- Installing: /home/ashy/baja_ws/install/vehicle/share/vehicle/environment/path.dsv
[0.984s] -- Up-to-date: /home/ashy/baja_ws/install/vehicle/share/vehicle/local_setup.bash
[0.984s] -- Up-to-date: /home/ashy/baja_ws/install/vehicle/share/vehicle/local_setup.sh
[0.984s] -- Up-to-date: /home/ashy/baja_ws/install/vehicle/share/vehicle/local_setup.zsh
[0.984s] -- Installing: /home/ashy/baja_ws/install/vehicle/share/vehicle/local_setup.dsv
[0.985s] -- Installing: /home/ashy/baja_ws/install/vehicle/share/vehicle/package.dsv
[0.985s] -- Up-to-date: /home/ashy/baja_ws/install/vehicle/share/ament_index/resource_index/packages/vehicle
[0.985s] -- Up-to-date: /home/ashy/baja_ws/install/vehicle/share/vehicle/cmake/vehicleConfig.cmake
[0.985s] -- Up-to-date: /home/ashy/baja_ws/install/vehicle/share/vehicle/cmake/vehicleConfig-version.cmake
[0.985s] -- Up-to-date: /home/ashy/baja_ws/install/vehicle/share/vehicle/package.xml
[0.988s] Invoked command in '/home/ashy/baja_ws/build/vehicle' returned '0': CMAKE_PREFIX_PATH=/opt/ros/humble /usr/bin/cmake --install /home/ashy/baja_ws/build/vehicle
