[0.010s] Invoking command in '/home/ashy/baja_ws/build/vehicle': CMAKE_PREFIX_PATH=${CMAKE_PREFIX_PATH}:/opt/ros/humble /usr/bin/cmake --build /home/ashy/baja_ws/build/vehicle -- -j16 -l16
[0.033s] -- Found ament_cmake: 1.3.11 (/opt/ros/humble/share/ament_cmake/cmake)
[0.122s] -- Found ackermann_msgs: 2.0.2 (/opt/ros/humble/share/ackermann_msgs/cmake)
[0.140s] -- Found rosidl_generator_c: 3.1.6 (/opt/ros/humble/share/rosidl_generator_c/cmake)
[0.141s] -- Found rosidl_adapter: 3.1.6 (/opt/ros/humble/share/rosidl_adapter/cmake)
[0.145s] -- Found rosidl_generator_cpp: 3.1.6 (/opt/ros/humble/share/rosidl_generator_cpp/cmake)
[0.151s] -- Using all available rosidl_typesupport_c: rosidl_typesupport_fastrtps_c;rosidl_typesupport_introspection_c
[0.158s] -- Using all available rosidl_typesupport_cpp: rosidl_typesupport_fastrtps_cpp;rosidl_typesupport_introspection_cpp
[0.181s] -- Found rclpy: 3.3.15 (/opt/ros/humble/share/rclpy/cmake)
[0.181s] -- Found rclcpp: 16.0.11 (/opt/ros/humble/share/rclcpp/cmake)
[0.197s] -- Found rmw_implementation_cmake: 6.1.2 (/opt/ros/humble/share/rmw_implementation_cmake/cmake)
[0.198s] -- Found rmw_fastrtps_cpp: 6.2.7 (/opt/ros/humble/share/rmw_fastrtps_cpp/cmake)
[0.278s] -- Using RMW implementation 'rmw_fastrtps_cpp' as default
[0.300s] -- Looking for ignition-gazebo6 -- found version 6.16.0
[0.302s] -- Searching for dependencies of ignition-gazebo6
[0.303s] -- Looking for sdformat12 -- found version 12.8.0
[0.303s] -- Searching for dependencies of sdformat12
[0.307s] -- Checking for module 'tinyxml2'
[0.319s] --   Found tinyxml2, version 9.0.0
[0.354s] -- Looking for ignition-math6 -- found version 6.15.1
[0.354s] -- Searching for dependencies of ignition-math6
[0.355s] -- Looking for ignition-utils1 -- found version 1.5.1
[0.355s] -- Searching for dependencies of ignition-utils1
[0.356s] -- Looking for ignition-plugin1 -- found version 1.4.0
[0.356s] -- Searching for dependencies of ignition-plugin1
[0.356s] -- Searching for <ignition-plugin1> component [loader]
[0.357s] -- Looking for ignition-plugin1-loader -- found version 1.4.0
[0.357s] -- Searching for dependencies of ignition-plugin1-loader
[0.357s] -- Searching for <ignition-plugin1> component [register]
[0.357s] -- Looking for ignition-plugin1-register -- found version 1.4.0
[0.358s] -- Searching for dependencies of ignition-plugin1-register
[0.358s] -- Looking for ignition-transport11 -- found version 11.4.1
[0.358s] -- Searching for dependencies of ignition-transport11
[0.384s] -- Config-file not installed for ZeroMQ -- checking for pkg-config
[0.388s] -- Checking for module 'libzmq >= 4'
[0.400s] --   Found libzmq , version 4.3.4
[0.442s] -- Checking for module 'uuid'
[0.454s] --   Found uuid, version 2.37.2
[0.486s] -- Looking for ignition-utils1 -- found version 1.5.1
[0.486s] -- Searching for dependencies of ignition-utils1
[0.486s] -- Searching for <ignition-utils1> component [cli]
[0.487s] -- Looking for ignition-utils1-cli -- found version 1.5.1
[0.487s] -- Searching for dependencies of ignition-utils1-cli
[0.487s] -- Looking for ignition-msgs8 -- found version 8.7.0
[0.488s] -- Searching for dependencies of ignition-msgs8
[0.503s] -- Found Protobuf: /usr/lib/x86_64-linux-gnu/libprotobuf.so (found suitable version "3.12.4", minimum required is "3") 
[0.504s] -- Looking for ignition-math6 -- found version 6.15.1
[0.511s] -- Searching for <ignition-transport11> component [log]
[0.511s] -- Looking for ignition-transport11-log -- found version 11.4.1
[0.511s] -- Searching for dependencies of ignition-transport11-log
[0.512s] -- Searching for <ignition-transport11> component [parameters]
[0.512s] -- Looking for ignition-transport11-parameters -- found version 11.4.1
[0.512s] -- Searching for dependencies of ignition-transport11-parameters
[0.513s] -- Looking for ignition-msgs8 -- found version 8.7.0
[0.513s] -- Looking for ignition-common4 -- found version 4.7.0
[0.513s] -- Searching for dependencies of ignition-common4
[0.513s] -- Looking for dlfcn.h - found
[0.513s] -- Looking for libdl - found
[0.521s] -- Searching for <ignition-common4> component [profiler]
[0.521s] -- Looking for ignition-common4-profiler -- found version 4.7.0
[0.521s] -- Searching for dependencies of ignition-common4-profiler
[0.521s] -- Searching for <ignition-common4> component [events]
[0.522s] -- Looking for ignition-common4-events -- found version 4.7.0
[0.522s] -- Searching for dependencies of ignition-common4-events
[0.522s] -- Looking for ignition-math6 -- found version 6.15.1
[0.522s] -- Searching for <ignition-common4> component [av]
[0.523s] -- Looking for ignition-common4-av -- found version 4.7.0
[0.523s] -- Searching for dependencies of ignition-common4-av
[0.529s] -- Checking for module 'libswscale'
[0.542s] --   Found libswscale, version 5.9.100
[0.578s] -- Checking for module 'libavdevice >= 56.4.100'
[0.591s] --   Found libavdevice , version 58.13.100
[0.631s] -- Checking for module 'libavformat'
[0.644s] --   Found libavformat, version 58.76.100
[0.682s] -- Checking for module 'libavcodec'
[0.694s] --   Found libavcodec, version 58.134.100
[0.734s] -- Checking for module 'libavutil'
[0.747s] --   Found libavutil, version 56.70.100
[0.780s] -- Looking for ignition-fuel_tools7 -- found version 7.3.1
[0.780s] -- Searching for dependencies of ignition-fuel_tools7
[0.814s] -- Checking for module 'jsoncpp'
[0.829s] --   Found jsoncpp, version 1.9.5
[0.869s] -- Checking for module 'libzip'
[0.881s] --   Found libzip, version 1.7.3
[0.913s] -- Looking for ignition-common4 -- found version 4.7.0
[0.913s] -- Looking for ignition-math6 -- found version 6.15.1
[0.913s] -- Looking for ignition-msgs8 -- found version 8.7.0
[0.914s] -- Looking for ignition-gui6 -- found version 6.8.0
[0.914s] -- Searching for dependencies of ignition-gui6
[0.940s] -- Looking for ignition-math6 -- found version 6.15.1
[0.940s] -- Looking for ignition-common4 -- found version 4.7.0
[0.940s] -- Looking for ignition-plugin1 -- found version 1.4.0
[0.940s] -- Looking for ignition-transport11 -- found version 11.4.1
[0.941s] -- Looking for ignition-rendering6 -- found version 6.6.3
[0.941s] -- Searching for dependencies of ignition-rendering6
[0.941s] -- Looking for ignition-math6 -- found version 6.15.1
[0.941s] -- Searching for dependencies of ignition-math6
[0.941s] -- Searching for <ignition-math6> component [eigen3]
[0.941s] -- Looking for ignition-math6-eigen3 -- found version 6.15.1
[0.942s] -- Searching for dependencies of ignition-math6-eigen3
[0.943s] -- Looking for ignition-common4 -- found version 4.7.0
[0.943s] -- Searching for dependencies of ignition-common4
[0.943s] -- Looking for dlfcn.h - found
[0.943s] -- Looking for libdl - found
[0.951s] -- Searching for <ignition-common4> component [graphics]
[0.951s] -- Looking for ignition-common4-graphics -- found version 4.7.0
[0.951s] -- Searching for dependencies of ignition-common4-graphics
[0.952s] -- Looking for ignition-math6 -- found version 6.15.1
[0.952s] -- Looking for ignition-utils1 -- found version 1.5.1
[0.952s] -- Searching for <ignition-common4> component [events]
[0.953s] -- Looking for ignition-plugin1 -- found version 1.4.0
[0.953s] -- Searching for dependencies of ignition-plugin1
[0.953s] -- Searching for <ignition-plugin1> component [all]
[0.953s] -- Looking for all libraries of ignition-plugin1 -- found version 1.4.0
[0.953s] -- Looking for ignition-plugin1 -- found version 1.4.0
[0.955s] -- Looking for ignition-msgs8 -- found version 8.7.0
[0.964s] -- Looking for ignition-physics5 -- found version 5.3.2
[0.964s] -- Searching for dependencies of ignition-physics5
[0.964s] -- Looking for ignition-math6 -- found version 6.15.1
[0.964s] -- Looking for ignition-plugin1 -- found version 1.4.0
[0.965s] -- Looking for ignition-utils1 -- found version 1.5.1
[0.965s] -- Searching for <ignition-physics5> component [heightmap]
[0.965s] -- Looking for ignition-physics5-heightmap -- found version 5.3.2
[0.966s] -- Searching for dependencies of ignition-physics5-heightmap
[0.966s] -- Looking for ignition-common4 -- found version 4.7.0
[0.966s] -- Searching for <ignition-physics5> component [mesh]
[0.966s] -- Looking for ignition-physics5-mesh -- found version 5.3.2
[0.966s] -- Searching for dependencies of ignition-physics5-mesh
[0.967s] -- Looking for ignition-common4 -- found version 4.7.0
[0.967s] -- Searching for <ignition-physics5> component [sdf]
[0.967s] -- Looking for ignition-physics5-sdf -- found version 5.3.2
[0.967s] -- Searching for dependencies of ignition-physics5-sdf
[0.968s] -- Looking for sdformat12 -- found version 12.8.0
[0.968s] -- Looking for ignition-sensors6 -- found version 6.8.1
[0.968s] -- Searching for dependencies of ignition-sensors6
[0.984s] -- Found Protobuf: /usr/lib/x86_64-linux-gnu/libprotobuf.so (found version "3.12.4") 
[0.985s] -- Looking for ignition-math6 -- found version 6.15.1
[0.985s] -- Looking for ignition-common4 -- found version 4.7.0
[0.985s] -- Looking for ignition-transport11 -- found version 11.4.1
[0.985s] -- Looking for ignition-rendering6 -- found version 6.6.3
[0.986s] -- Looking for ignition-msgs8 -- found version 8.7.0
[0.986s] -- Looking for sdformat12 -- found version 12.8.0
[0.986s] -- Searching for <ignition-sensors6> component [air_pressure]
[0.986s] -- Looking for ignition-sensors6-air_pressure -- found version 6.8.1
[0.987s] -- Searching for dependencies of ignition-sensors6-air_pressure
[0.987s] -- Searching for <ignition-sensors6> component [altimeter]
[0.987s] -- Looking for ignition-sensors6-altimeter -- found version 6.8.1
[0.987s] -- Searching for dependencies of ignition-sensors6-altimeter
[0.988s] -- Searching for <ignition-sensors6> component [imu]
[0.988s] -- Looking for ignition-sensors6-imu -- found version 6.8.1
[0.988s] -- Searching for dependencies of ignition-sensors6-imu
[0.988s] -- Searching for <ignition-sensors6> component [force_torque]
[0.989s] -- Looking for ignition-sensors6-force_torque -- found version 6.8.1
[0.989s] -- Searching for dependencies of ignition-sensors6-force_torque
[0.989s] -- Searching for <ignition-sensors6> component [logical_camera]
[0.989s] -- Looking for ignition-sensors6-logical_camera -- found version 6.8.1
[0.990s] -- Searching for dependencies of ignition-sensors6-logical_camera
[0.990s] -- Searching for <ignition-sensors6> component [magnetometer]
[0.990s] -- Looking for ignition-sensors6-magnetometer -- found version 6.8.1
[0.990s] -- Searching for dependencies of ignition-sensors6-magnetometer
[0.991s] -- Searching for <ignition-sensors6> component [navsat]
[0.991s] -- Looking for ignition-sensors6-navsat -- found version 6.8.1
[0.991s] -- Searching for dependencies of ignition-sensors6-navsat
[0.991s] -- Searching for <ignition-sensors6> component [rendering]
[0.992s] -- Looking for ignition-sensors6-rendering -- found version 6.8.1
[0.992s] -- Searching for dependencies of ignition-sensors6-rendering
[0.992s] -- Searching for <ignition-sensors6> component [lidar]
[0.992s] -- Looking for ignition-sensors6-lidar -- found version 6.8.1
[0.993s] -- Searching for dependencies of ignition-sensors6-lidar
[0.993s] -- Looking for ignition-sensors6 -- found version 6.8.1
[0.993s] -- Searching for <ignition-sensors6> component [gpu_lidar]
[0.993s] -- Looking for ignition-sensors6-gpu_lidar -- found version 6.8.1
[0.994s] -- Searching for dependencies of ignition-sensors6-gpu_lidar
[0.994s] -- Looking for ignition-sensors6 -- found version 6.8.1
[0.994s] -- Searching for <ignition-sensors6> component [camera]
[0.994s] -- Looking for ignition-sensors6-camera -- found version 6.8.1
[0.995s] -- Searching for dependencies of ignition-sensors6-camera
[0.995s] -- Looking for ignition-sensors6 -- found version 6.8.1
[0.995s] -- Searching for <ignition-sensors6> component [boundingbox_camera]
[0.995s] -- Looking for ignition-sensors6-boundingbox_camera -- found version 6.8.1
[0.996s] -- Searching for dependencies of ignition-sensors6-boundingbox_camera
[0.996s] -- Searching for <ignition-sensors6> component [segmentation_camera]
[0.996s] -- Looking for ignition-sensors6-segmentation_camera -- found version 6.8.1
[0.996s] -- Searching for dependencies of ignition-sensors6-segmentation_camera
[0.997s] -- Searching for <ignition-sensors6> component [depth_camera]
[0.997s] -- Looking for ignition-sensors6-depth_camera -- found version 6.8.1
[0.997s] -- Searching for dependencies of ignition-sensors6-depth_camera
[0.997s] -- Looking for ignition-sensors6 -- found version 6.8.1
[0.998s] -- Searching for <ignition-sensors6> component [rgbd_camera]
[0.998s] -- Looking for ignition-sensors6-rgbd_camera -- found version 6.8.1
[0.998s] -- Searching for dependencies of ignition-sensors6-rgbd_camera
[0.998s] -- Looking for ignition-sensors6 -- found version 6.8.1
[0.999s] -- Searching for <ignition-sensors6> component [thermal_camera]
[0.999s] -- Looking for ignition-sensors6-thermal_camera -- found version 6.8.1
[0.999s] -- Searching for dependencies of ignition-sensors6-thermal_camera
[0.999s] -- Looking for ignition-sensors6 -- found version 6.8.1
[1.000s] -- Looking for ignition-rendering6 -- found version 6.6.3
[1.000s] -- Looking for ignition-math6 -- found version 6.15.1
[1.001s] -- Looking for ignition-utils1 -- found version 1.5.1
[1.017s] -- Found geometry_msgs: 4.2.4 (/opt/ros/humble/share/geometry_msgs/cmake)
[1.025s] -- Found tf2: 0.25.9 (/opt/ros/humble/share/tf2/cmake)
[1.029s] [31mCMake Error at /opt/ros/humble/share/ament_cmake_target_dependencies/cmake/ament_target_dependencies.cmake:77 (message):
[1.029s]   ament_target_dependencies() the passed package name 'ignition-msgs6' was
[1.029s]   not found before
[1.029s] Call Stack (most recent call first):
[1.029s]   CMakeLists.txt:24 (ament_target_dependencies)
[1.029s] 
[1.029s] [0m
[1.029s] -- Configuring incomplete, errors occurred!
[1.029s] See also "/home/ashy/baja_ws/build/vehicle/CMakeFiles/CMakeOutput.log".
[1.038s] gmake: *** [Makefile:267: cmake_check_build_system] Error 1
[1.041s] Invoked command in '/home/ashy/baja_ws/build/vehicle' returned '2': CMAKE_PREFIX_PATH=${CMAKE_PREFIX_PATH}:/opt/ros/humble /usr/bin/cmake --build /home/ashy/baja_ws/build/vehicle -- -j16 -l16
