[0.009s] Invoking command in '/home/ashy/baja_ws/build/vehicle': CMAKE_PREFIX_PATH=${CMAKE_PREFIX_PATH}:/opt/ros/humble /usr/bin/cmake --build /home/ashy/baja_ws/build/vehicle -- -j16 -l16
[0.034s] -- Found ament_cmake: 1.3.10 (/opt/ros/humble/share/ament_cmake/cmake)
[0.124s] -- Found rclcpp: 16.0.10 (/opt/ros/humble/share/rclcpp/cmake)
[0.148s] -- Found rosidl_generator_c: 3.1.5 (/opt/ros/humble/share/rosidl_generator_c/cmake)
[0.150s] -- Found rosidl_adapter: 3.1.5 (/opt/ros/humble/share/rosidl_adapter/cmake)
[0.155s] -- Found rosidl_generator_cpp: 3.1.5 (/opt/ros/humble/share/rosidl_generator_cpp/cmake)
[0.163s] -- Using all available rosidl_typesupport_c: rosidl_typesupport_fastrtps_c;rosidl_typesupport_introspection_c
[0.172s] -- Using all available rosidl_typesupport_cpp: rosidl_typesupport_fastrtps_cpp;rosidl_typesupport_introspection_cpp
[0.197s] -- Found rmw_implementation_cmake: 6.1.2 (/opt/ros/humble/share/rmw_implementation_cmake/cmake)
[0.199s] -- Found rmw_fastrtps_cpp: 6.2.7 (/opt/ros/humble/share/rmw_fastrtps_cpp/cmake)
[0.277s] -- Using RMW implementation 'rmw_fastrtps_cpp' as default
[0.314s] -- Found ament_lint_auto: 0.12.11 (/opt/ros/humble/share/ament_lint_auto/cmake)
[0.363s] -- Added test 'flake8' to check Python code syntax and style conventions
[0.364s] -- Added test 'lint_cmake' to check CMake code style
[0.364s] -- Added test 'pep257' to check Python code against some of the docstring style conventions in PEP 257
[0.366s] -- Added test 'xmllint' to check XML markup files
[0.366s] -- Configuring done
[0.371s] -- Generating done
[0.372s] -- Build files have been written to: /home/ashy/baja_ws/build/vehicle
[0.395s] Invoked command in '/home/ashy/baja_ws/build/vehicle' returned '0': CMAKE_PREFIX_PATH=${CMAKE_PREFIX_PATH}:/opt/ros/humble /usr/bin/cmake --build /home/ashy/baja_ws/build/vehicle -- -j16 -l16
[0.431s] Invoking command in '/home/ashy/baja_ws/build/vehicle': CMAKE_PREFIX_PATH=${CMAKE_PREFIX_PATH}:/opt/ros/humble /usr/bin/cmake --install /home/ashy/baja_ws/build/vehicle
[0.436s] -- Install configuration: ""
[0.436s] -- Up-to-date: /home/ashy/baja_ws/install/vehicle/lib/vehicle/calibration_publisher.py
[0.436s] -- Up-to-date: /home/ashy/baja_ws/install/vehicle/share/ament_index/resource_index/package_run_dependencies/vehicle
[0.436s] -- Installing: /home/ashy/baja_ws/install/vehicle/share/ament_index/resource_index/parent_prefix_path/vehicle
[0.436s] -- Up-to-date: /home/ashy/baja_ws/install/vehicle/share/vehicle/environment/ament_prefix_path.sh
[0.437s] -- Installing: /home/ashy/baja_ws/install/vehicle/share/vehicle/environment/ament_prefix_path.dsv
[0.437s] -- Up-to-date: /home/ashy/baja_ws/install/vehicle/share/vehicle/environment/path.sh
[0.437s] -- Installing: /home/ashy/baja_ws/install/vehicle/share/vehicle/environment/path.dsv
[0.437s] -- Up-to-date: /home/ashy/baja_ws/install/vehicle/share/vehicle/local_setup.bash
[0.437s] -- Up-to-date: /home/ashy/baja_ws/install/vehicle/share/vehicle/local_setup.sh
[0.437s] -- Up-to-date: /home/ashy/baja_ws/install/vehicle/share/vehicle/local_setup.zsh
[0.437s] -- Installing: /home/ashy/baja_ws/install/vehicle/share/vehicle/local_setup.dsv
[0.437s] -- Installing: /home/ashy/baja_ws/install/vehicle/share/vehicle/package.dsv
[0.437s] -- Up-to-date: /home/ashy/baja_ws/install/vehicle/share/ament_index/resource_index/packages/vehicle
[0.437s] -- Up-to-date: /home/ashy/baja_ws/install/vehicle/share/vehicle/cmake/vehicleConfig.cmake
[0.437s] -- Up-to-date: /home/ashy/baja_ws/install/vehicle/share/vehicle/cmake/vehicleConfig-version.cmake
[0.437s] -- Installing: /home/ashy/baja_ws/install/vehicle/share/vehicle/package.xml
[0.438s] Invoked command in '/home/ashy/baja_ws/build/vehicle' returned '0': CMAKE_PREFIX_PATH=${CMAKE_PREFIX_PATH}:/opt/ros/humble /usr/bin/cmake --install /home/ashy/baja_ws/build/vehicle
