[0.013s] Invoking command in '/home/ashy/baja_ws/build/vehicle': CMAKE_PREFIX_PATH=${CMAKE_PREFIX_PATH}:/opt/ros/humble /usr/bin/cmake --build /home/ashy/baja_ws/build/vehicle -- -j16 -l16
[0.068s] -- Found ament_cmake: 1.3.11 (/opt/ros/humble/share/ament_cmake/cmake)
[0.172s] -- Found ackermann_msgs: 2.0.2 (/opt/ros/humble/share/ackermann_msgs/cmake)
[0.196s] -- Found rosidl_generator_c: 3.1.6 (/opt/ros/humble/share/rosidl_generator_c/cmake)
[0.200s] -- Found rosidl_adapter: 3.1.6 (/opt/ros/humble/share/rosidl_adapter/cmake)
[0.208s] -- Found rosidl_generator_cpp: 3.1.6 (/opt/ros/humble/share/rosidl_generator_cpp/cmake)
[0.218s] -- Using all available rosidl_typesupport_c: rosidl_typesupport_fastrtps_c;rosidl_typesupport_introspection_c
[0.230s] -- Using all available rosidl_typesupport_cpp: rosidl_typesupport_fastrtps_cpp;rosidl_typesupport_introspection_cpp
[0.259s] -- Found rclpy: 3.3.15 (/opt/ros/humble/share/rclpy/cmake)
[0.259s] -- Found rclcpp: 16.0.11 (/opt/ros/humble/share/rclcpp/cmake)
[0.285s] -- Found rmw_implementation_cmake: 6.1.2 (/opt/ros/humble/share/rmw_implementation_cmake/cmake)
[0.288s] -- Found rmw_cyclonedds_cpp: 1.3.4 (/opt/ros/humble/share/rmw_cyclonedds_cpp/cmake)
[0.304s] -- Using RMW implementation 'rmw_cyclonedds_cpp' as default
[0.348s] [31mCMake Error at CMakeLists.txt:14 (find_package):
[0.348s]   By not providing "Findgazebo_dev.cmake" in CMAKE_MODULE_PATH this project
[0.348s]   has asked CMake to find a package configuration file provided by
[0.348s]   "gazebo_dev", but CMake did not find one.
[0.348s] 
[0.348s]   Could not find a package configuration file provided by "gazebo_dev" with
[0.349s]   any of the following names:
[0.349s] 
[0.349s]     gazebo_devConfig.cmake
[0.349s]     gazebo_dev-config.cmake
[0.349s] 
[0.349s]   Add the installation prefix of "gazebo_dev" to CMAKE_PREFIX_PATH or set
[0.349s]   "gazebo_dev_DIR" to a directory containing one of the above files.  If
[0.349s]   "gazebo_dev" provides a separate development package or SDK, be sure it has
[0.349s]   been installed.
[0.349s] 
[0.349s] [0m
[0.349s] -- Configuring incomplete, errors occurred!
[0.349s] See also "/home/ashy/baja_ws/build/vehicle/CMakeFiles/CMakeOutput.log".
[0.355s] gmake: *** [Makefile:267: cmake_check_build_system] Error 1
[0.359s] Invoked command in '/home/ashy/baja_ws/build/vehicle' returned '2': CMAKE_PREFIX_PATH=${CMAKE_PREFIX_PATH}:/opt/ros/humble /usr/bin/cmake --build /home/ashy/baja_ws/build/vehicle -- -j16 -l16
