[0.010s] Invoking command in '/home/ashy/baja_ws/build/vehicle': CMAKE_PREFIX_PATH=${CMAKE_PREFIX_PATH}:/opt/ros/humble /usr/bin/cmake --build /home/ashy/baja_ws/build/vehicle -- -j16 -l16
[0.033s] -- Found ament_cmake: 1.3.10 (/opt/ros/humble/share/ament_cmake/cmake)
[0.116s] -- Found rclpy: 3.3.14 (/opt/ros/humble/share/rclpy/cmake)
[0.116s] -- Found rclcpp: 16.0.10 (/opt/ros/humble/share/rclcpp/cmake)
[0.133s] -- Found rosidl_generator_c: 3.1.5 (/opt/ros/humble/share/rosidl_generator_c/cmake)
[0.134s] -- Found rosidl_adapter: 3.1.5 (/opt/ros/humble/share/rosidl_adapter/cmake)
[0.138s] -- Found rosidl_generator_cpp: 3.1.5 (/opt/ros/humble/share/rosidl_generator_cpp/cmake)
[0.143s] -- Using all available rosidl_typesupport_c: rosidl_typesupport_fastrtps_c;rosidl_typesupport_introspection_c
[0.150s] -- Using all available rosidl_typesupport_cpp: rosidl_typesupport_fastrtps_cpp;rosidl_typesupport_introspection_cpp
[0.168s] -- Found rmw_implementation_cmake: 6.1.2 (/opt/ros/humble/share/rmw_implementation_cmake/cmake)
[0.168s] -- Found rmw_fastrtps_cpp: 6.2.7 (/opt/ros/humble/share/rmw_fastrtps_cpp/cmake)
[0.246s] -- Using RMW implementation 'rmw_fastrtps_cpp' as default
[0.294s] -- Found DART: /usr/include (Required is at least version "6.6") found components: dart 
[0.315s] -- Found Protobuf: /usr/lib/x86_64-linux-gnu/libprotobuf.so (found version "3.12.4") 
[0.315s] -- Looking for ignition-math6 -- found version 6.15.1
[0.319s] -- Searching for dependencies of ignition-math6
[0.320s] -- Looking for OGRE...
[0.325s] -- Found Ogre Ghadamon (1.9.0)
[0.325s] -- Found OGRE: optimized;/usr/lib/x86_64-linux-gnu/libOgreMain.so;debug;/usr/lib/x86_64-linux-gnu/libOgreMain.so
[0.331s] -- Looking for OGRE_Paging...
[0.331s] -- Found OGRE_Paging: optimized;/usr/lib/x86_64-linux-gnu/libOgrePaging.so;debug;/usr/lib/x86_64-linux-gnu/libOgrePaging.so
[0.331s] -- Looking for OGRE_Terrain...
[0.331s] -- Found OGRE_Terrain: optimized;/usr/lib/x86_64-linux-gnu/libOgreTerrain.so;debug;/usr/lib/x86_64-linux-gnu/libOgreTerrain.so
[0.331s] -- Looking for OGRE_Property...
[0.331s] -- Found OGRE_Property: optimized;/usr/lib/x86_64-linux-gnu/libOgreProperty.so;debug;/usr/lib/x86_64-linux-gnu/libOgreProperty.so
[0.331s] -- Looking for OGRE_RTShaderSystem...
[0.332s] -- Found OGRE_RTShaderSystem: optimized;/usr/lib/x86_64-linux-gnu/libOgreRTShaderSystem.so;debug;/usr/lib/x86_64-linux-gnu/libOgreRTShaderSystem.so
[0.332s] -- Looking for OGRE_Volume...
[0.332s] -- Found OGRE_Volume: optimized;/usr/lib/x86_64-linux-gnu/libOgreVolume.so;debug;/usr/lib/x86_64-linux-gnu/libOgreVolume.so
[0.332s] -- Looking for OGRE_Overlay...
[0.332s] -- Found OGRE_Overlay: optimized;/usr/lib/x86_64-linux-gnu/libOgreOverlay.so;debug;/usr/lib/x86_64-linux-gnu/libOgreOverlay.so
[0.395s] -- Looking for ignition-math6 -- found version 6.15.1
[0.395s] -- Looking for ignition-transport8 -- found version 8.2.1
[0.395s] -- Searching for dependencies of ignition-transport8
[0.411s] -- Found Protobuf: /usr/lib/x86_64-linux-gnu/libprotobuf.so (found suitable version "3.12.4", minimum required is "3") 
[0.419s] -- Config-file not installed for ZeroMQ -- checking for pkg-config
[0.424s] -- Checking for module 'libzmq >= 4'
[0.435s] --   Found libzmq , version 4.3.4
[0.473s] -- Checking for module 'uuid'
[0.485s] --   Found uuid, version 2.37.2
[0.517s] -- Looking for ignition-msgs5 -- found version 5.8.1
[0.518s] -- Searching for dependencies of ignition-msgs5
[0.533s] -- Looking for ignition-math6 -- found version 6.15.1
[0.538s] -- Checking for module 'tinyxml2'
[0.550s] --   Found tinyxml2, version 9.0.0
[0.582s] -- Looking for ignition-msgs5 -- found version 5.8.1
[0.582s] -- Looking for ignition-common3 -- found version 3.14.0
[0.583s] -- Searching for dependencies of ignition-common3
[0.583s] -- Looking for dlfcn.h - found
[0.583s] -- Looking for libdl - found
[0.592s] -- Searching for <ignition-common3> component [graphics]
[0.593s] -- Looking for ignition-common3-graphics -- found version 3.14.0
[0.593s] -- Searching for dependencies of ignition-common3-graphics
[0.593s] -- Looking for ignition-math6 -- found version 6.15.1
[0.594s] -- Looking for ignition-fuel_tools4 -- found version 4.4.0
[0.594s] -- Searching for dependencies of ignition-fuel_tools4
[0.627s] -- Checking for module 'jsoncpp'
[0.639s] --   Found jsoncpp, version 1.9.5
[0.677s] -- Checking for module 'libzip'
[0.688s] --   Found libzip, version 1.7.3
[0.718s] -- Looking for ignition-common3 -- found version 3.14.0
[0.718s] -- Looking for ignition-math6 -- found version 6.15.1
[0.719s] -- Looking for ignition-msgs5 -- found version 5.8.1
[0.720s] -- Found gazebo_ros_pkgs: 3.7.0 (/opt/ros/humble/share/gazebo_ros_pkgs/cmake)
[0.720s] -- Found geometry_msgs: 4.2.4 (/opt/ros/humble/share/geometry_msgs/cmake)
[0.727s] -- Found tf2: 0.25.8 (/opt/ros/humble/share/tf2/cmake)
[0.730s] -- Found ament_lint_auto: 0.12.11 (/opt/ros/humble/share/ament_lint_auto/cmake)
[0.771s] -- Configuring done
[0.780s] -- Generating done
[0.783s] -- Build files have been written to: /home/ashy/baja_ws/build/vehicle
[0.818s] [ 50%] [32mBuilding CXX object CMakeFiles/acker.dir/src/ackermann_control.cpp.o[0m
[1.060s] [01m[K/home/ashy/baja_ws/src/vehicle/src/ackermann_control.cpp:2:10:[m[K [01;31m[Kfatal error: [m[Kackermann_msgs/msg/ackermann_drive.hpp: No such file or directory
[1.061s]     2 | #include [01;31m[K"ackermann_msgs/msg/ackermann_drive.hpp"[m[K
[1.061s]       |          [01;31m[K^~~~~~~~~~~~~~~~~~~~~~~~~~~~~~~~~~~~~~~~[m[K
[1.061s] compilation terminated.
[1.063s] gmake[2]: *** [CMakeFiles/acker.dir/build.make:76: CMakeFiles/acker.dir/src/ackermann_control.cpp.o] Error 1
[1.063s] gmake[1]: *** [CMakeFiles/Makefile2:137: CMakeFiles/acker.dir/all] Error 2
[1.064s] gmake: *** [Makefile:146: all] Error 2
[1.066s] Invoked command in '/home/ashy/baja_ws/build/vehicle' returned '2': CMAKE_PREFIX_PATH=${CMAKE_PREFIX_PATH}:/opt/ros/humble /usr/bin/cmake --build /home/ashy/baja_ws/build/vehicle -- -j16 -l16
